==================
   PRINT NBRMAP   
==================
Input file = Gd2C-rhom.vasp
Input format = vasp
line="Gd   C  X"
vasp5: line="2     1  1"
testing if sdyn: line= Direct

In util.read_from_file
Name:  Gd2C-afm1
Info:  
*** Lattice:
-----------------------------------------------------------
indx (   avec[x]   avec[y]   avec[z])     length      angle
-----------------------------------------------------------
  1: (  6.257076 -1.826703  0.000824)   6.518270  32.549487
  2: (  6.257076  1.826703  0.000824)   6.518270  32.549487
  3: (  5.723373  0.000000  3.119429)   6.518269  32.549471
-----------------------------------------------------------
  Cell volume =  71.291788
*** Element List (3)
------------------------------------------------------------
SYMB (MULT   MASS   RADIUS  MASS%   VOL%) INFO 
------------------------------------------------------------
  Gd (   2   1.00    1.000  50.00  11.75) 
   C (   1   1.00    1.000  25.00   5.88) 
   X (   1   1.00    1.000  25.00   5.88) 
------------------------------------------------------------
Total(   4   4.00          100.00  23.50)

*** Atom List (4)
-----------------------------------------------------------------------------------------------
  ID TYPE (           FRAC-COORDS           ) (            CART-COORD           ) INFO  
-----------------------------------------------------------------------------------------------
   1   Gd (   0.260594   0.260594   0.260594) (   4.752590   0.000000   0.813334) 
   2   Gd (   0.739407   0.739407   0.739407) (  13.484954   0.000000   2.307746) 
   3    C (   1.000000   1.000000   1.000000) (  18.237526   0.000000   3.121077) 
   4    X (   0.500000   0.500000   0.500000) (   9.118763   0.000000   1.560539) 
-----------------------------------------------------------------------------------------------
   1   Gd (   4.752590   0.000000   0.813334) 
      1  2.5021    3  C [ -1 -1  0] (   5.723373   0.000000   3.119429]
      2  2.5021    3  C [ -1  0 -1] (   6.257076   1.826703   0.000824]
      3  2.5021    3  C [  0 -1 -1] (   6.257076  -1.826703   0.000824]
      4  2.7330    4  X [  0  0 -1] (   3.395390   0.000000  -1.558891]
      5  2.7330    4  X [ -1  0  0] (   2.861686   1.826703   1.559715]
      6  2.7330    4  X [  0 -1  0] (   2.861686  -1.826703   1.559715]
      7  3.4198    2 Gd [ -1  0  0] (   7.227878   1.826703   2.306922]
      8  3.4198    2 Gd [  0 -1  0] (   7.227878  -1.826703   2.306922]
      9  3.4198    2 Gd [  0  0 -1] (   7.761581   0.000000  -0.811683]
     10  3.6534    1 Gd [ -1  1  0] (   4.752590   3.653405   0.813334]
     11  3.6534    1 Gd [  1 -1  0] (   4.752590  -3.653405   0.813334]
     12  3.6534    1 Gd [ -1  0  1] (   4.218886   1.826703   3.931939]
     13  3.6534    1 Gd [  0 -1  1] (   4.218886  -1.826703   3.931939]
     14  3.6534    1 Gd [  0  1 -1] (   5.286293   1.826703  -2.305271]
     15  3.6534    1 Gd [  1  0 -1] (   5.286293  -1.826703  -2.305271]
     16  4.0657    2 Gd [ -1  0 -1] (   1.504505   1.826703  -0.812507]
     17  4.0657    2 Gd [  0 -1 -1] (   1.504505  -1.826703  -0.812507]
     18  4.0657    2 Gd [ -1 -1  0] (   0.970801   0.000000   2.306098]
     19  4.4281    3  C [ -2  0  0] (   5.723373   3.653405   3.119429]
     20  4.4281    3  C [  0 -2  0] (   5.723373  -3.653405   3.119429]
     21  4.4281    3  C [  0  0 -2] (   6.790780   0.000000  -3.117781]
     22  4.4296    4  X [  0  0  0] (   9.118763   0.000000   1.560539]
     23  4.5625    4  X [ -1  1 -1] (   3.395390   3.653405  -1.558891]
     24  4.5625    4  X [  1 -1 -1] (   3.395390  -3.653405  -1.558891]
     25  4.5625    4  X [ -1 -1  1] (   2.327983   0.000000   4.678320]
     26  4.8217    3  C [ -1 -1 -1] (   0.000000   0.000000   0.000000]
   2   Gd (  13.484954   0.000000   2.307746) 
      1  2.5021    3  C [  0  0 -1] (  12.514153   0.000000   0.001648]
      2  2.5021    3  C [ -1  0  0] (  11.980449   1.826703   3.120253]
      3  2.5021    3  C [  0 -1  0] (  11.980449  -1.826703   3.120253]
      4  2.7330    4  X [  0  0  1] (  14.842136   0.000000   4.679968]
      5  2.7330    4  X [  0  1  0] (  15.375839   1.826703   1.561363]
      6  2.7330    4  X [  1  0  0] (  15.375839  -1.826703   1.561363]
      7  3.4198    1 Gd [  0  1  0] (  11.009666   1.826703   0.814158]
      8  3.4198    1 Gd [  1  0  0] (  11.009666  -1.826703   0.814158]
      9  3.4198    1 Gd [  0  0  1] (  10.475963   0.000000   3.932763]
     10  3.6534    2 Gd [ -1  1  0] (  13.484954   3.653405   2.307746]
     11  3.6534    2 Gd [  1 -1  0] (  13.484954  -3.653405   2.307746]
     12  3.6534    2 Gd [ -1  0  1] (  12.951251   1.826703   5.426351]
     13  3.6534    2 Gd [  0 -1  1] (  12.951251  -1.826703   5.426351]
     14  3.6534    2 Gd [  0  1 -1] (  14.018658   1.826703  -0.810859]
     15  3.6534    2 Gd [  1  0 -1] (  14.018658  -1.826703  -0.810859]
     16  4.0657    1 Gd [  0  1  1] (  16.733039   1.826703   3.933587]
     17  4.0657    1 Gd [  1  0  1] (  16.733039  -1.826703   3.933587]
     18  4.0657    1 Gd [  1  1  0] (  17.266743   0.000000   0.814982]
     19  4.4281    3  C [ -1  1 -1] (  12.514153   3.653405   0.001648]
     20  4.4281    3  C [  1 -1 -1] (  12.514153  -3.653405   0.001648]
     21  4.4281    3  C [ -1 -1  1] (  11.446746   0.000000   6.238858]
     22  4.4297    4  X [  0  0  0] (   9.118763   0.000000   1.560539]
     23  4.5625    4  X [ -1  1  1] (  14.842136   3.653405   4.679968]
     24  4.5625    4  X [  1 -1  1] (  14.842136  -3.653405   4.679968]
     25  4.5625    4  X [  1  1 -1] (  15.909543   0.000000  -1.557243]
     26  4.8217    3  C [  0  0  0] (  18.237526   0.000000   3.121077]
   3    C (  18.237526   0.000000   3.121077) 
      1  2.5021    1 Gd [  1  1  0] (  17.266743   0.000000   0.814982]
      2  2.5021    1 Gd [  0  1  1] (  16.733039   1.826703   3.933587]
      3  2.5021    1 Gd [  1  0  1] (  16.733039  -1.826703   3.933587]
      4  2.5021    2 Gd [  0  0  1] (  19.208327   0.000000   5.427175]
      5  2.5021    2 Gd [  0  1  0] (  19.742031   1.826703   2.308570]
      6  2.5021    2 Gd [  1  0  0] (  19.742031  -1.826703   2.308570]
      7  3.6534    3  C [ -1  1  0] (  18.237526   3.653405   3.121077]
      8  3.6534    3  C [  1 -1  0] (  18.237526  -3.653405   3.121077]
      9  3.6534    3  C [ -1  0  1] (  17.703822   1.826703   6.239682]
     10  3.6534    3  C [  0 -1  1] (  17.703822  -1.826703   6.239682]
     11  3.6534    3  C [  0  1 -1] (  18.771229   1.826703   0.002472]
     12  3.6534    3  C [  1  0 -1] (  18.771229  -1.826703   0.002472]
     13  3.7361    4  X [  0  1  1] (  21.099212   1.826703   4.680792]
     14  3.7361    4  X [  1  0  1] (  21.099212  -1.826703   4.680792]
     15  3.7361    4  X [  0  1  0] (  15.375839   1.826703   1.561363]
     16  3.7361    4  X [  1  0  0] (  15.375839  -1.826703   1.561363]
     17  3.7361    4  X [  0  0  1] (  14.842136   0.000000   4.679968]
     18  3.7361    4  X [  1  1  0] (  21.632916   0.000000   1.562186]
     19  4.4281    1 Gd [  0  2  0] (  17.266743   3.653405   0.814982]
     20  4.4281    1 Gd [  2  0  0] (  17.266743  -3.653405   0.814982]
     21  4.4281    1 Gd [  0  0  2] (  16.199336   0.000000   7.052192]
     22  4.4281    2 Gd [ -1  1  1] (  19.208327   3.653405   5.427175]
     23  4.4281    2 Gd [  1 -1  1] (  19.208327  -3.653405   5.427175]
     24  4.4281    2 Gd [  1  1 -1] (  20.275734   0.000000  -0.810035]
     25  4.8217    2 Gd [  0  0  0] (  13.484954   0.000000   2.307746]
     26  4.8217    1 Gd [  1  1  1] (  22.990116   0.000000   3.934411]
   4    X (   9.118763   0.000000   1.560539) 
      1  2.7330    2 Gd [  0  0 -1] (   7.761581   0.000000  -0.811683]
      2  2.7330    2 Gd [ -1  0  0] (   7.227878   1.826703   2.306922]
      3  2.7330    2 Gd [  0 -1  0] (   7.227878  -1.826703   2.306922]
      4  2.7330    1 Gd [  0  0  1] (  10.475963   0.000000   3.932763]
      5  2.7330    1 Gd [  0  1  0] (  11.009666   1.826703   0.814158]
      6  2.7330    1 Gd [  1  0  0] (  11.009666  -1.826703   0.814158]
      7  3.6534    4  X [ -1  1  0] (   9.118763   3.653405   1.560539]
      8  3.6534    4  X [  1 -1  0] (   9.118763  -3.653405   1.560539]
      9  3.6534    4  X [ -1  0  1] (   8.585059   1.826703   4.679144]
     10  3.6534    4  X [  0 -1  1] (   8.585059  -1.826703   4.679144]
     11  3.6534    4  X [  0  1 -1] (   9.652467   1.826703  -1.558067]
     12  3.6534    4  X [  1  0 -1] (   9.652467  -1.826703  -1.558067]
     13  3.7361    3  C [ -1  0  0] (  11.980449   1.826703   3.120253]
     14  3.7361    3  C [  0 -1  0] (  11.980449  -1.826703   3.120253]
     15  3.7361    3  C [ -1  0 -1] (   6.257076   1.826703   0.000824]
     16  3.7361    3  C [  0 -1 -1] (   6.257076  -1.826703   0.000824]
     17  3.7361    3  C [  0  0 -1] (  12.514153   0.000000   0.001648]
     18  3.7361    3  C [ -1 -1  0] (   5.723373   0.000000   3.119429]
     19  4.4296    1 Gd [  0  0  0] (   4.752590   0.000000   0.813334]
     20  4.4297    2 Gd [  0  0  0] (  13.484954   0.000000   2.307746]
     21  4.5625    2 Gd [ -1  1 -1] (   7.761581   3.653405  -0.811683]
     22  4.5625    2 Gd [  1 -1 -1] (   7.761581  -3.653405  -0.811683]
     23  4.5625    2 Gd [ -1 -1  1] (   6.694174   0.000000   5.425528]
     24  4.5625    1 Gd [ -1  1  1] (  10.475963   3.653405   3.932763]
     25  4.5625    1 Gd [  1 -1  1] (  10.475963  -3.653405   3.932763]
     26  4.5625    1 Gd [  1  1 -1] (  11.543370   0.000000  -2.304447]
===========================================
