===================
   SHOW SYMMETRY   
===================
Input file = Gd2C-rhom-2x1x1.msf
Input format = msf
In util.read_from_file
Name:  Gd2C-afm1
Info:  
*** Lattice:
-----------------------------------------------------------
indx (   avec[x]   avec[y]   avec[z])     length      angle
-----------------------------------------------------------
  1: ( 12.514153 -3.653405  0.001648)  13.036541  32.549487
  2: (  6.257076  1.826703  0.000824)   6.518270  32.549487
  3: (  5.723373  0.000000  3.119429)   6.518269  32.549471
-----------------------------------------------------------
  Cell volume = 142.583575
*** Element List (3)
------------------------------------------------------------
SYMB (MULT   MASS   RADIUS  MASS%   VOL%) INFO 
------------------------------------------------------------
  Gd (   4   1.00    1.000  50.00  11.75) 
   C (   2   1.00    1.000  25.00   5.88) 
   X (   2   1.00    1.000  25.00   5.88) 
------------------------------------------------------------
Total(   8   8.00          100.00  23.50)

*** Atom List (8)
-----------------------------------------------------------------------------------------------
  ID TYPE (           FRAC-COORDS           ) (            CART-COORD           ) INFO  
-----------------------------------------------------------------------------------------------
   1   Gd (   0.130297   0.260594   0.260594) (   4.752590   0.000000   0.813334) 
   2   Gd (   0.369703   0.739407   0.739407) (  13.484948   0.000002   2.307746) 
   3    C (   0.500000   1.000000   1.000000) (  18.237526   0.000000   3.121077) 
   4    X (   0.250000   0.500000   0.500000) (   9.118763   0.000000   1.560539) 
   5   Gd (   0.630297   0.260594   0.260594) (  11.009666  -1.826703   0.814158) 
   6   Gd (   0.869703   0.739407   0.739407) (  19.742024  -1.826701   2.308570) 
   7    C (   1.000000   1.000000   1.000000) (  24.494602  -1.826703   3.121901) 
   8    X (   0.750000   0.500000   0.500000) (  15.375839  -1.826703   1.561363) 
-----------------------------------------------------------------------------------------------
==========================
   SPACE GROUP ANALYSIS   
==========================

Space Group: #166 R-3m
Precision = 0.0001
Transformation matrix to the standardized basis vectors:
    0.666667   0.333333  -0.666667 
    1.333333  -0.333333  -0.333333 
   -0.666667  -0.333333  -0.333333 
Origin shift:   0.000000   0.000000   0.000000 
Symmetry operations:  8
----------------------------------------------------------
  OP    ROT[1]     ROT[2]     ROT[3]          TRANS       
----- ---------- ---------- ---------- -------------------
   1: ( 1  0  0) ( 0  1  0) ( 0  0  1) ( 0.0000  0.0000  0.0000)
   2: (-1  0  0) ( 0 -1  0) ( 0  0 -1) ( 0.0000  0.0000  0.0000)
   3: (-1  0  0) ( 0  0 -1) ( 0 -1  0) ( 0.0000  0.0000  0.0000)
   4: ( 1  0  0) ( 0  0  1) ( 0  1  0) ( 0.0000  0.0000  0.0000)
   5: ( 1  0  0) ( 0  1  0) ( 0  0  1) ( 0.5000  0.0000  0.0000)
   6: (-1  0  0) ( 0 -1  0) ( 0  0 -1) ( 0.5000  0.0000  0.0000)
   7: (-1  0  0) ( 0  0 -1) ( 0 -1  0) ( 0.5000  0.0000  0.0000)
   8: ( 1  0  0) ( 0  0  1) ( 0  1  0) ( 0.5000  0.0000  0.0000)
-----------------------------------------------------------------------------------
INDX SYMB    x        y        z     EQAT MULT WYKO   1   2   3   4   5   6   7   8
---- ---- -------- -------- -------- ---- ---- ------------------------------------
   1   Gd   0.1303   0.2606   0.2606    1    4    c   1   6   6   1   5   2   2   5
   2   Gd   0.3697   0.7394   0.7394    1    4    c   2   5   5   2   6   1   1   6
   3    C   0.5000   1.0000   1.0000    3    2    a   3   3   3   3   7   7   7   7
   4    X   0.2500   0.5000   0.5000    4    2    b   4   8   8   4   8   4   4   8
   5   Gd   0.6303   0.2606   0.2606    1    4    c   5   2   2   5   1   6   6   1
   6   Gd   0.8697   0.7394   0.7394    1    4    c   6   1   1   6   2   5   5   2
   7    C   1.0000   1.0000   1.0000    3    2    a   7   7   7   7   3   3   3   3
   8    X   0.7500   0.5000   0.5000    4    2    b   8   4   4   8   4   8   8   4
-----------------------------------------------------------------------------------

=== Primitive cell ===
from_pymatgen_structure
elementList is None
len(atomList)= 4
Name:  
Info:  
*** Lattice:
-----------------------------------------------------------
indx (   avec[x]   avec[y]   avec[z])     length      angle
-----------------------------------------------------------
  1: ( -1.826703 -3.163942  0.000000)   3.653406  73.725260
  2: ( -3.653406  0.000000  0.000000)   3.653406  73.725260
  3: ( -1.826703 -1.054647 -6.167554)   6.518270  60.000000
-----------------------------------------------------------
  Cell volume =  71.291778
*** Element List (3)
------------------------------------------------------------
SYMB (MULT   MASS   RADIUS  MASS%   VOL%) INFO 
------------------------------------------------------------
  Gd (   2   1.00    1.000  50.00  11.75) 
   C (   1   1.00    1.000  25.00   5.88) 
   X (   1   1.00    1.000  25.00   5.88) 
------------------------------------------------------------
Total(   4   4.00          100.00  23.50)

*** Atom List (4)
-----------------------------------------------------------------------------------------------
  ID TYPE (           FRAC-COORDS           ) (            CART-COORD           ) INFO  
-----------------------------------------------------------------------------------------------
   1   Gd (  -0.480109  -0.163942   0.178318) (   1.150232   1.330975  -1.099783) 
   2   Gd (   0.173297  -0.054647  -0.345871) (   0.514891  -0.183530   2.133179) 
   3    C (   0.173297  -0.054647  -0.167554) (   0.189158  -0.371592   1.033397) 
   4    X (   0.346594  -0.109295  -0.083777) (  -0.080790  -1.008248   0.516698) 
-----------------------------------------------------------------------------------------------
