Atoms read from "Hf2S-beta-TEM.vasp"
Atoms: Hf8S4
Unit cell:
    3.373600   0.000000   0.000000 
    0.000000   5.843200   0.000000 
    0.000000   0.000000  11.788200 
Num of atoms: 12
---- ---- ---------- ---------- ----------
INDX SYMB     x          y          z     
---- ---- ---------- ---------- ----------
   0   Hf   0.500000   0.833330   0.600700
   1   Hf   0.500000   0.166670   0.100700
   2   Hf   0.500000   0.833330   0.899300
   3   Hf   0.500000   0.166670   0.399300
   4   Hf   0.000000   0.333330   0.600700
   5   Hf   0.000000   0.666670   0.100700
   6   Hf   0.000000   0.333330   0.899300
   7   Hf   0.000000   0.666670   0.399300
   8    S   0.000000   0.940000   0.250000
   9    S   0.000000   0.060000   0.750000
  10    S   0.500000   0.440000   0.250000
  11    S   0.500000   0.560000   0.750000
===========================================

Space Group: 63 Cmcm
Precision = 0.0001
Transformation matrix to the standardized basis vectors:
    1.000000   0.000000   0.000000 
    0.000000  -1.000000   0.000000 
    0.000000   0.000000  -1.000000 
Origin:   0.000000   0.000000   1.000000 
Symmetry operations:  16
----------------------------------------------------------
  OP    ROT[0]     ROT[1]     ROT[2]          TRANS       
----- ---------- ---------- ---------- -------------------
   0: ( 1  0  0) ( 0  1  0) ( 0  0  1) ( 0.0000  0.0000  0.0000)
   1: (-1  0  0) ( 0 -1  0) ( 0  0 -1) ( 0.0000  0.0000  1.0000)
   2: (-1  0  0) ( 0 -1  0) ( 0  0  1) ( 0.0000  0.0000  0.5000)
   3: ( 1  0  0) ( 0  1  0) ( 0  0 -1) ( 0.0000  0.0000  0.5000)
   4: ( 1  0  0) ( 0 -1  0) ( 0  0 -1) ( 0.0000  0.0000  1.0000)
   5: (-1  0  0) ( 0  1  0) ( 0  0  1) ( 0.0000  0.0000  0.0000)
   6: (-1  0  0) ( 0  1  0) ( 0  0 -1) ( 0.0000  0.0000  0.5000)
   7: ( 1  0  0) ( 0 -1  0) ( 0  0  1) ( 0.0000  0.0000  0.5000)
   8: ( 1  0  0) ( 0  1  0) ( 0  0  1) ( 0.5000  0.5000  0.0000)
   9: (-1  0  0) ( 0 -1  0) ( 0  0 -1) ( 0.5000  0.5000  1.0000)
  10: (-1  0  0) ( 0 -1  0) ( 0  0  1) ( 0.5000  0.5000  0.5000)
  11: ( 1  0  0) ( 0  1  0) ( 0  0 -1) ( 0.5000  0.5000  0.5000)
  12: ( 1  0  0) ( 0 -1  0) ( 0  0 -1) ( 0.5000  0.5000  1.0000)
  13: (-1  0  0) ( 0  1  0) ( 0  0  1) ( 0.5000  0.5000  0.0000)
  14: (-1  0  0) ( 0  1  0) ( 0  0 -1) ( 0.5000  0.5000  0.5000)
  15: ( 1  0  0) ( 0 -1  0) ( 0  0  1) ( 0.5000  0.5000  0.5000)
-------------------------------------------------------------------------------------------------------------------
INDX SYMB    x        y        z     EQAT MULT WYKO   0   1   2   3   4   5   6   7   8   9  10  11  12  13  14  15
---- ---- -------- -------- -------- ---- ---- --------------------------------------------------------------------
   0   Hf   0.5000   0.8333   0.6007    0    8    f   0   3   1   2   3   0   2   1   4   7   5   6   7   4   6   5
   1   Hf   0.5000   0.1667   0.1007    0    8    f   1   2   0   3   2   1   3   0   5   6   4   7   6   5   7   4
   2   Hf   0.5000   0.8333   0.8993    0    8    f   2   1   3   0   1   2   0   3   6   5   7   4   5   6   4   7
   3   Hf   0.5000   0.1667   0.3993    0    8    f   3   0   2   1   0   3   1   2   7   4   6   5   4   7   5   6
   4   Hf   0.0000   0.3333   0.6007    0    8    f   4   7   5   6   7   4   6   5   0   3   1   2   3   0   2   1
   5   Hf   0.0000   0.6667   0.1007    0    8    f   5   6   4   7   6   5   7   4   1   2   0   3   2   1   3   0
   6   Hf   0.0000   0.3333   0.8993    0    8    f   6   5   7   4   5   6   4   7   2   1   3   0   1   2   0   3
   7   Hf   0.0000   0.6667   0.3993    0    8    f   7   4   6   5   4   7   5   6   3   0   2   1   0   3   1   2
   8    S   0.0000   0.9400   0.2500    8    4    c   8   9   9   8   9   8   8   9  10  11  11  10  11  10  10  11
   9    S   0.0000   0.0600   0.7500    8    4    c   9   8   8   9   8   9   9   8  11  10  10  11  10  11  11  10
  10    S   0.5000   0.4400   0.2500    8    4    c  10  11  11  10  11  10  10  11   8   9   9   8   9   8   8   9
  11    S   0.5000   0.5600   0.7500    8    4    c  11  10  10  11  10  11  11  10   9   8   8   9   8   9   9   8
-------------------------------------------------------------------------------------------------------------------
atom_symbols= ['Hf', 'Hf', 'Hf', 'Hf', 'S', 'S']

=== Primitive cell ===
Atoms: Hf4S2
Unit cell:
    1.686800  -2.921600   0.000000 
    1.686800   2.921600   0.000000 
    0.000000   0.000000  11.788200 
Num of atoms: 6
---- ---- ---------- ---------- ----------
INDX SYMB     x          y          z     
---- ---- ---------- ---------- ----------
   0   Hf   0.333330   0.666670   0.399300
   1   Hf   0.666670   0.333330   0.899300
   2   Hf   0.333330   0.666670   0.100700
   3   Hf   0.666670   0.333330   0.600700
   4    S   0.940000   0.060000   0.750000
   5    S   0.060000   0.940000   0.250000
===========================================
