Atoms read from "Hf2S-beta1-hex.vasp"
Atoms: Hf4S2
Unit cell:
    3.373600   0.000000   0.000000 
   -1.686800   2.921623   0.000000 
    0.000000   0.000000  11.788200 
Num of atoms: 6
---- ---- ---------- ---------- ----------
INDX SYMB     x          y          z     
---- ---- ---------- ---------- ----------
   0   Hf   0.333333   0.666667   0.100700
   1   Hf   0.666667   0.333333   0.899300
   2   Hf   0.666667   0.333333   0.600700
   3   Hf   0.333333   0.666667   0.399300
   4    S   0.940000   0.880000   0.250000
   5    S   0.060000   0.120000   0.750000
===========================================

Space Group: 63 Cmcm
Precision = 0.0001
Transformation matrix to the standardized basis vectors:
    1.000000  -0.500000   0.000000 
    0.000000   0.500000   0.000000 
    0.000000   0.000000   1.000000 
Origin:   0.000000   0.000000   1.000000 
Symmetry operations:  8
----------------------------------------------------------
  OP    ROT[0]     ROT[1]     ROT[2]          TRANS       
----- ---------- ---------- ---------- -------------------
   0: ( 1  0  0) ( 0  1  0) ( 0  0  1) ( 0.0000  0.0000  0.0000)
   1: (-1  0  0) ( 0 -1  0) ( 0  0 -1) ( 0.0000  0.0000  0.0000)
   2: (-1  0  0) ( 0 -1  0) ( 0  0  1) ( 0.0000  0.0000  0.5000)
   3: ( 1  0  0) ( 0  1  0) ( 0  0 -1) ( 0.0000  0.0000  0.5000)
   4: ( 1 -1  0) ( 0 -1  0) ( 0  0 -1) ( 0.0000  0.0000  0.0000)
   5: (-1  1  0) ( 0  1  0) ( 0  0  1) ( 0.0000  0.0000  0.0000)
   6: (-1  1  0) ( 0  1  0) ( 0  0 -1) ( 0.0000  0.0000  0.5000)
   7: ( 1 -1  0) ( 0 -1  0) ( 0  0  1) ( 0.0000  0.0000  0.5000)
-----------------------------------------------------------------------------------
INDX SYMB    x        y        z     EQAT MULT WYKO   0   1   2   3   4   5   6   7
---- ---- -------- -------- -------- ---- ---- ------------------------------------
   0   Hf   0.3333   0.6667   0.1007    0    4    f   0   1   2   3   1   0   3   2
   1   Hf   0.6667   0.3333   0.8993    0    4    f   1   0   3   2   0   1   2   3
   2   Hf   0.6667   0.3333   0.6007    0    4    f   2   3   0   1   3   2   1   0
   3   Hf   0.3333   0.6667   0.3993    0    4    f   3   2   1   0   2   3   0   1
   4    S   0.9400   0.8800   0.2500    4    2    c   4   5   5   4   5   4   4   5
   5    S   0.0600   0.1200   0.7500    4    2    c   5   4   4   5   4   5   5   4
-----------------------------------------------------------------------------------
atom_symbols= ['Hf', 'Hf', 'Hf', 'Hf', 'S', 'S']

=== Primitive cell ===
Atoms: Hf4S2
Unit cell:
    1.686800  -2.921623   0.000000 
    1.686800   2.921623   0.000000 
    0.000000   0.000000  11.788200 
Num of atoms: 6
---- ---- ---------- ---------- ----------
INDX SYMB     x          y          z     
---- ---- ---------- ---------- ----------
   0   Hf   0.666667   0.333333   0.100700
   1   Hf   0.333333   0.666667   0.899300
   2   Hf   0.333333   0.666667   0.600700
   3   Hf   0.666667   0.333333   0.399300
   4    S   0.060000   0.940000   0.250000
   5    S   0.940000   0.060000   0.750000
===========================================
