Reading input file "CsCl.vasp"
nalist= [4, 4]
%Molecule: finalizing molecule
ID: 
Name: Cs4 Cl4
Unitlength: angstrom
Unitcell:
  type=general
  lattice parameter= 1.0
  periodic= [ True  True  True]
  avec[a1]= [ 7.062015  0.        0.      ]
  avec[a2]= [ 0.        7.062015  0.      ]
  avec[a3]= [ 0.        0.        7.062015]
  Fractional to cartesian transformation matrix:
[[ 7.062015  0.        0.      ]
 [ 0.        7.062015  0.      ]
 [ 0.        0.        7.062015]]
  Cartesian to fractional transformation matrix:
[[ 0.14160264  0.          0.        ]
 [ 0.          0.14160264  0.        ]
 [ 0.          0.          0.14160264]]
Elements: 2
Element:
0 name=Cs symbol=Cs number=0 weight=1.0
Element:
1 name=Cl symbol=Cl number=0 weight=1.0
Atomcoord: fractional
Atoms: 8
Atom: #1 element=Cs name=Cs fpos=[ 0.  0.  0.]
Atom: #2 element=Cs name=Cs fpos=[ 0.   0.5  0.5]
Atom: #3 element=Cs name=Cs fpos=[ 0.5  0.   0.5]
Atom: #4 element=Cs name=Cs fpos=[ 0.5  0.5  0. ]
Atom: #5 element=Cl name=Cl fpos=[ 0.   0.5  0. ]
Atom: #6 element=Cl name=Cl fpos=[ 0.   0.   0.5]
Atom: #7 element=Cl name=Cl fpos=[ 0.5  0.5  0.5]
Atom: #8 element=Cl name=Cl fpos=[ 0.5  0.   0. ]
VolumeData: [1, 1, 1]
1 Cs Cs [ 0.  0.  0.]
      1  3.5310    5 Cl Cl [ 0 -1  0] [ 0.        -3.5310075  0.       ]
      2  3.5310    5 Cl Cl [0 0 0] [ 0.         3.5310075  0.       ]
      3  3.5310    6 Cl Cl [ 0  0 -1] [ 0.         0.        -3.5310075]
      4  3.5310    6 Cl Cl [0 0 0] [ 0.         0.         3.5310075]
      5  3.5310    8 Cl Cl [-1  0  0] [-3.5310075  0.         0.       ]
      6  3.5310    8 Cl Cl [0 0 0] [ 3.5310075  0.         0.       ]
      7  4.9936    2 Cs Cs [ 0 -1 -1] [ 0.        -3.5310075 -3.5310075]
      8  4.9936    2 Cs Cs [ 0 -1  0] [ 0.        -3.5310075  3.5310075]
      9  4.9936    2 Cs Cs [ 0  0 -1] [ 0.         3.5310075 -3.5310075]
     10  4.9936    2 Cs Cs [0 0 0] [ 0.         3.5310075  3.5310075]
     11  4.9936    3 Cs Cs [-1  0 -1] [-3.5310075  0.        -3.5310075]
     12  4.9936    3 Cs Cs [-1  0  0] [-3.5310075  0.         3.5310075]
     13  4.9936    3 Cs Cs [ 0  0 -1] [ 3.5310075  0.        -3.5310075]
     14  4.9936    3 Cs Cs [0 0 0] [ 3.5310075  0.         3.5310075]
     15  4.9936    4 Cs Cs [-1 -1  0] [-3.5310075 -3.5310075  0.       ]
     16  4.9936    4 Cs Cs [-1  0  0] [-3.5310075  3.5310075  0.       ]
     17  4.9936    4 Cs Cs [ 0 -1  0] [ 3.5310075 -3.5310075  0.       ]
     18  4.9936    4 Cs Cs [0 0 0] [ 3.5310075  3.5310075  0.       ]
     19  6.1159    7 Cl Cl [-1 -1 -1] [-3.5310075 -3.5310075 -3.5310075]
     20  6.1159    7 Cl Cl [-1 -1  0] [-3.5310075 -3.5310075  3.5310075]
     21  6.1159    7 Cl Cl [-1  0 -1] [-3.5310075  3.5310075 -3.5310075]
     22  6.1159    7 Cl Cl [-1  0  0] [-3.5310075  3.5310075  3.5310075]
     23  6.1159    7 Cl Cl [ 0 -1 -1] [ 3.5310075 -3.5310075 -3.5310075]
     24  6.1159    7 Cl Cl [ 0 -1  0] [ 3.5310075 -3.5310075  3.5310075]
     25  6.1159    7 Cl Cl [ 0  0 -1] [ 3.5310075  3.5310075 -3.5310075]
     26  6.1159    7 Cl Cl [0 0 0] [ 3.5310075  3.5310075  3.5310075]
     27  7.0620    1 Cs Cs [-1  0  0] [-7.062015  0.        0.      ]
     28  7.0620    1 Cs Cs [ 0 -1  0] [ 0.       -7.062015  0.      ]
     29  7.0620    1 Cs Cs [ 0  0 -1] [ 0.        0.       -7.062015]
     30  7.0620    1 Cs Cs [0 0 1] [ 0.        0.        7.062015]
     31  7.0620    1 Cs Cs [0 1 0] [ 0.        7.062015  0.      ]
     32  7.0620    1 Cs Cs [1 0 0] [ 7.062015  0.        0.      ]
     33  7.8956    5 Cl Cl [-1 -1  0] [-7.062015  -3.5310075  0.       ]
     34  7.8956    5 Cl Cl [-1  0  0] [-7.062015   3.5310075  0.       ]
     35  7.8956    5 Cl Cl [ 0 -1 -1] [ 0.        -3.5310075 -7.062015 ]
     36  7.8956    5 Cl Cl [ 0 -1  1] [ 0.        -3.5310075  7.062015 ]
     37  7.8956    5 Cl Cl [ 0  0 -1] [ 0.         3.5310075 -7.062015 ]
     38  7.8956    5 Cl Cl [0 0 1] [ 0.         3.5310075  7.062015 ]
     39  7.8956    5 Cl Cl [ 1 -1  0] [ 7.062015  -3.5310075  0.       ]
     40  7.8956    5 Cl Cl [1 0 0] [ 7.062015   3.5310075  0.       ]
     41  7.8956    6 Cl Cl [-1  0 -1] [-7.062015   0.        -3.5310075]
     42  7.8956    6 Cl Cl [-1  0  0] [-7.062015   0.         3.5310075]
     43  7.8956    6 Cl Cl [ 0 -1 -1] [ 0.        -7.062015  -3.5310075]
     44  7.8956    6 Cl Cl [ 0 -1  0] [ 0.        -7.062015   3.5310075]
     45  7.8956    6 Cl Cl [ 0  1 -1] [ 0.         7.062015  -3.5310075]
     46  7.8956    6 Cl Cl [0 1 0] [ 0.         7.062015   3.5310075]
     47  7.8956    6 Cl Cl [ 1  0 -1] [ 7.062015   0.        -3.5310075]
     48  7.8956    6 Cl Cl [1 0 0] [ 7.062015   0.         3.5310075]
     49  7.8956    8 Cl Cl [-1 -1  0] [-3.5310075 -7.062015   0.       ]
     50  7.8956    8 Cl Cl [-1  0 -1] [-3.5310075  0.        -7.062015 ]
     51  7.8956    8 Cl Cl [-1  0  1] [-3.5310075  0.         7.062015 ]
     52  7.8956    8 Cl Cl [-1  1  0] [-3.5310075  7.062015   0.       ]
     53  7.8956    8 Cl Cl [ 0 -1  0] [ 3.5310075 -7.062015   0.       ]
     54  7.8956    8 Cl Cl [ 0  0 -1] [ 3.5310075  0.        -7.062015 ]
     55  7.8956    8 Cl Cl [0 0 1] [ 3.5310075  0.         7.062015 ]
     56  7.8956    8 Cl Cl [0 1 0] [ 3.5310075  7.062015   0.       ]
     57  8.6492    2 Cs Cs [-1 -1 -1] [-7.062015  -3.5310075 -3.5310075]
     58  8.6492    2 Cs Cs [-1 -1  0] [-7.062015  -3.5310075  3.5310075]
     59  8.6492    2 Cs Cs [-1  0 -1] [-7.062015   3.5310075 -3.5310075]
     60  8.6492    2 Cs Cs [-1  0  0] [-7.062015   3.5310075  3.5310075]
     61  8.6492    2 Cs Cs [ 1 -1 -1] [ 7.062015  -3.5310075 -3.5310075]
     62  8.6492    2 Cs Cs [ 1 -1  0] [ 7.062015  -3.5310075  3.5310075]
     63  8.6492    2 Cs Cs [ 1  0 -1] [ 7.062015   3.5310075 -3.5310075]
     64  8.6492    2 Cs Cs [1 0 0] [ 7.062015   3.5310075  3.5310075]
     65  8.6492    3 Cs Cs [-1 -1 -1] [-3.5310075 -7.062015  -3.5310075]
     66  8.6492    3 Cs Cs [-1 -1  0] [-3.5310075 -7.062015   3.5310075]
     67  8.6492    3 Cs Cs [-1  1 -1] [-3.5310075  7.062015  -3.5310075]
     68  8.6492    3 Cs Cs [-1  1  0] [-3.5310075  7.062015   3.5310075]
     69  8.6492    3 Cs Cs [ 0 -1 -1] [ 3.5310075 -7.062015  -3.5310075]
     70  8.6492    3 Cs Cs [ 0 -1  0] [ 3.5310075 -7.062015   3.5310075]
     71  8.6492    3 Cs Cs [ 0  1 -1] [ 3.5310075  7.062015  -3.5310075]
     72  8.6492    3 Cs Cs [0 1 0] [ 3.5310075  7.062015   3.5310075]
     73  8.6492    4 Cs Cs [-1 -1 -1] [-3.5310075 -3.5310075 -7.062015 ]
     74  8.6492    4 Cs Cs [-1 -1  1] [-3.5310075 -3.5310075  7.062015 ]
     75  8.6492    4 Cs Cs [-1  0 -1] [-3.5310075  3.5310075 -7.062015 ]
     76  8.6492    4 Cs Cs [-1  0  1] [-3.5310075  3.5310075  7.062015 ]
     77  8.6492    4 Cs Cs [ 0 -1 -1] [ 3.5310075 -3.5310075 -7.062015 ]
     78  8.6492    4 Cs Cs [ 0 -1  1] [ 3.5310075 -3.5310075  7.062015 ]
     79  8.6492    4 Cs Cs [ 0  0 -1] [ 3.5310075  3.5310075 -7.062015 ]
     80  8.6492    4 Cs Cs [0 0 1] [ 3.5310075  3.5310075  7.062015 ]
     81  9.9872    1 Cs Cs [-1 -1  0] [-7.062015 -7.062015  0.      ]
     82  9.9872    1 Cs Cs [-1  0 -1] [-7.062015  0.       -7.062015]
     83  9.9872    1 Cs Cs [-1  0  1] [-7.062015  0.        7.062015]
     84  9.9872    1 Cs Cs [-1  1  0] [-7.062015  7.062015  0.      ]
     85  9.9872    1 Cs Cs [ 0 -1 -1] [ 0.       -7.062015 -7.062015]
     86  9.9872    1 Cs Cs [ 0 -1  1] [ 0.       -7.062015  7.062015]
     87  9.9872    1 Cs Cs [ 0  1 -1] [ 0.        7.062015 -7.062015]
     88  9.9872    1 Cs Cs [0 1 1] [ 0.        7.062015  7.062015]
     89  9.9872    1 Cs Cs [ 1 -1  0] [ 7.062015 -7.062015  0.      ]
     90  9.9872    1 Cs Cs [ 1  0 -1] [ 7.062015  0.       -7.062015]
     91  9.9872    1 Cs Cs [1 0 1] [ 7.062015  0.        7.062015]
     92  9.9872    1 Cs Cs [1 1 0] [ 7.062015  7.062015  0.      ]
2 Cs Cs [ 0.         3.5310075  3.5310075]
      1  3.5310    5 Cl Cl [0 0 0] [ 0.         3.5310075  0.       ]
      2  3.5310    5 Cl Cl [0 0 1] [ 0.         3.5310075  7.062015 ]
      3  3.5310    6 Cl Cl [0 0 0] [ 0.         0.         3.5310075]
      4  3.5310    6 Cl Cl [0 1 0] [ 0.         7.062015   3.5310075]
      5  3.5310    7 Cl Cl [-1  0  0] [-3.5310075  3.5310075  3.5310075]
      6  3.5310    7 Cl Cl [0 0 0] [ 3.5310075  3.5310075  3.5310075]
      7  4.9936    1 Cs Cs [0 0 0] [ 0.  0.  0.]
      8  4.9936    1 Cs Cs [0 0 1] [ 0.        0.        7.062015]
      9  4.9936    1 Cs Cs [0 1 0] [ 0.        7.062015  0.      ]
     10  4.9936    1 Cs Cs [0 1 1] [ 0.        7.062015  7.062015]
     11  4.9936    3 Cs Cs [-1  0  0] [-3.5310075  0.         3.5310075]
     12  4.9936    3 Cs Cs [-1  1  0] [-3.5310075  7.062015   3.5310075]
     13  4.9936    3 Cs Cs [0 0 0] [ 3.5310075  0.         3.5310075]
     14  4.9936    3 Cs Cs [0 1 0] [ 3.5310075  7.062015   3.5310075]
     15  4.9936    4 Cs Cs [-1  0  0] [-3.5310075  3.5310075  0.       ]
     16  4.9936    4 Cs Cs [-1  0  1] [-3.5310075  3.5310075  7.062015 ]
     17  4.9936    4 Cs Cs [0 0 0] [ 3.5310075  3.5310075  0.       ]
     18  4.9936    4 Cs Cs [0 0 1] [ 3.5310075  3.5310075  7.062015 ]
     19  6.1159    8 Cl Cl [-1  0  0] [-3.5310075  0.         0.       ]
     20  6.1159    8 Cl Cl [-1  0  1] [-3.5310075  0.         7.062015 ]
     21  6.1159    8 Cl Cl [-1  1  0] [-3.5310075  7.062015   0.       ]
     22  6.1159    8 Cl Cl [-1  1  1] [-3.5310075  7.062015   7.062015 ]
     23  6.1159    8 Cl Cl [0 0 0] [ 3.5310075  0.         0.       ]
     24  6.1159    8 Cl Cl [0 0 1] [ 3.5310075  0.         7.062015 ]
     25  6.1159    8 Cl Cl [0 1 0] [ 3.5310075  7.062015   0.       ]
     26  6.1159    8 Cl Cl [0 1 1] [ 3.5310075  7.062015   7.062015 ]
     27  7.0620    2 Cs Cs [-1  0  0] [-7.062015   3.5310075  3.5310075]
     28  7.0620    2 Cs Cs [ 0 -1  0] [ 0.        -3.5310075  3.5310075]
     29  7.0620    2 Cs Cs [ 0  0 -1] [ 0.         3.5310075 -3.5310075]
     30  7.0620    2 Cs Cs [1 0 0] [ 7.062015   3.5310075  3.5310075]
     31  7.0620    2 Cs Cs [0 0 1] [  0.          3.5310075  10.5930225]
     32  7.0620    2 Cs Cs [0 1 0] [  0.         10.5930225   3.5310075]
     33  7.8956    5 Cl Cl [-1  0  0] [-7.062015   3.5310075  0.       ]
     34  7.8956    5 Cl Cl [-1  0  1] [-7.062015   3.5310075  7.062015 ]
     35  7.8956    5 Cl Cl [ 0 -1  0] [ 0.        -3.5310075  0.       ]
     36  7.8956    5 Cl Cl [ 0 -1  1] [ 0.        -3.5310075  7.062015 ]
     37  7.8956    5 Cl Cl [1 0 0] [ 7.062015   3.5310075  0.       ]
     38  7.8956    5 Cl Cl [1 0 1] [ 7.062015   3.5310075  7.062015 ]
     39  7.8956    6 Cl Cl [-1  0  0] [-7.062015   0.         3.5310075]
     40  7.8956    6 Cl Cl [-1  1  0] [-7.062015   7.062015   3.5310075]
     41  7.8956    6 Cl Cl [ 0  0 -1] [ 0.         0.        -3.5310075]
     42  7.8956    6 Cl Cl [ 0  1 -1] [ 0.         7.062015  -3.5310075]
     43  7.8956    6 Cl Cl [1 0 0] [ 7.062015   0.         3.5310075]
     44  7.8956    6 Cl Cl [1 1 0] [ 7.062015   7.062015   3.5310075]
     45  7.8956    7 Cl Cl [-1 -1  0] [-3.5310075 -3.5310075  3.5310075]
     46  7.8956    7 Cl Cl [-1  0 -1] [-3.5310075  3.5310075 -3.5310075]
     47  7.8956    7 Cl Cl [ 0 -1  0] [ 3.5310075 -3.5310075  3.5310075]
     48  7.8956    7 Cl Cl [ 0  0 -1] [ 3.5310075  3.5310075 -3.5310075]
     49  7.8956    5 Cl Cl [0 1 0] [  0.         10.5930225   0.       ]
     50  7.8956    5 Cl Cl [0 1 1] [  0.         10.5930225   7.062015 ]
     51  7.8956    6 Cl Cl [0 0 1] [  0.          0.         10.5930225]
     52  7.8956    6 Cl Cl [0 1 1] [  0.          7.062015   10.5930225]
     53  7.8956    7 Cl Cl [-1  0  1] [ -3.5310075   3.5310075  10.5930225]
     54  7.8956    7 Cl Cl [-1  1  0] [ -3.5310075  10.5930225   3.5310075]
     55  7.8956    7 Cl Cl [0 0 1] [  3.5310075   3.5310075  10.5930225]
     56  7.8956    7 Cl Cl [0 1 0] [  3.5310075  10.5930225   3.5310075]
     57  8.6492    1 Cs Cs [-1  0  0] [-7.062015  0.        0.      ]
     58  8.6492    1 Cs Cs [-1  0  1] [-7.062015  0.        7.062015]
     59  8.6492    1 Cs Cs [-1  1  0] [-7.062015  7.062015  0.      ]
     60  8.6492    1 Cs Cs [-1  1  1] [-7.062015  7.062015  7.062015]
     61  8.6492    1 Cs Cs [1 0 0] [ 7.062015  0.        0.      ]
     62  8.6492    1 Cs Cs [1 0 1] [ 7.062015  0.        7.062015]
     63  8.6492    1 Cs Cs [1 1 0] [ 7.062015  7.062015  0.      ]
     64  8.6492    1 Cs Cs [1 1 1] [ 7.062015  7.062015  7.062015]
     65  8.6492    3 Cs Cs [-1  0 -1] [-3.5310075  0.        -3.5310075]
     66  8.6492    3 Cs Cs [-1  0  1] [ -3.5310075   0.         10.5930225]
     67  8.6492    3 Cs Cs [-1  1 -1] [-3.5310075  7.062015  -3.5310075]
     68  8.6492    3 Cs Cs [-1  1  1] [ -3.5310075   7.062015   10.5930225]
     69  8.6492    3 Cs Cs [ 0  0 -1] [ 3.5310075  0.        -3.5310075]
     70  8.6492    3 Cs Cs [0 0 1] [  3.5310075   0.         10.5930225]
     71  8.6492    3 Cs Cs [ 0  1 -1] [ 3.5310075  7.062015  -3.5310075]
     72  8.6492    3 Cs Cs [0 1 1] [  3.5310075   7.062015   10.5930225]
     73  8.6492    4 Cs Cs [-1 -1  0] [-3.5310075 -3.5310075  0.       ]
     74  8.6492    4 Cs Cs [-1 -1  1] [-3.5310075 -3.5310075  7.062015 ]
     75  8.6492    4 Cs Cs [-1  1  0] [ -3.5310075  10.5930225   0.       ]
     76  8.6492    4 Cs Cs [-1  1  1] [ -3.5310075  10.5930225   7.062015 ]
     77  8.6492    4 Cs Cs [ 0 -1  0] [ 3.5310075 -3.5310075  0.       ]
     78  8.6492    4 Cs Cs [ 0 -1  1] [ 3.5310075 -3.5310075  7.062015 ]
     79  8.6492    4 Cs Cs [0 1 0] [  3.5310075  10.5930225   0.       ]
     80  8.6492    4 Cs Cs [0 1 1] [  3.5310075  10.5930225   7.062015 ]
     81  9.9872    2 Cs Cs [-1 -1  0] [-7.062015  -3.5310075  3.5310075]
     82  9.9872    2 Cs Cs [-1  0 -1] [-7.062015   3.5310075 -3.5310075]
     83  9.9872    2 Cs Cs [-1  0  1] [ -7.062015    3.5310075  10.5930225]
     84  9.9872    2 Cs Cs [-1  1  0] [ -7.062015   10.5930225   3.5310075]
     85  9.9872    2 Cs Cs [ 0 -1 -1] [ 0.        -3.5310075 -3.5310075]
     86  9.9872    2 Cs Cs [ 0 -1  1] [  0.         -3.5310075  10.5930225]
     87  9.9872    2 Cs Cs [ 0  1 -1] [  0.         10.5930225  -3.5310075]
     88  9.9872    2 Cs Cs [0 1 1] [  0.         10.5930225  10.5930225]
     89  9.9872    2 Cs Cs [ 1 -1  0] [ 7.062015  -3.5310075  3.5310075]
     90  9.9872    2 Cs Cs [ 1  0 -1] [ 7.062015   3.5310075 -3.5310075]
     91  9.9872    2 Cs Cs [1 0 1] [  7.062015    3.5310075  10.5930225]
     92  9.9872    2 Cs Cs [1 1 0] [  7.062015   10.5930225   3.5310075]
3 Cs Cs [ 3.5310075  0.         3.5310075]
      1  3.5310    6 Cl Cl [0 0 0] [ 0.         0.         3.5310075]
      2  3.5310    6 Cl Cl [1 0 0] [ 7.062015   0.         3.5310075]
      3  3.5310    7 Cl Cl [ 0 -1  0] [ 3.5310075 -3.5310075  3.5310075]
      4  3.5310    7 Cl Cl [0 0 0] [ 3.5310075  3.5310075  3.5310075]
      5  3.5310    8 Cl Cl [0 0 0] [ 3.5310075  0.         0.       ]
      6  3.5310    8 Cl Cl [0 0 1] [ 3.5310075  0.         7.062015 ]
      7  4.9936    1 Cs Cs [0 0 0] [ 0.  0.  0.]
      8  4.9936    1 Cs Cs [0 0 1] [ 0.        0.        7.062015]
      9  4.9936    1 Cs Cs [1 0 0] [ 7.062015  0.        0.      ]
     10  4.9936    1 Cs Cs [1 0 1] [ 7.062015  0.        7.062015]
     11  4.9936    2 Cs Cs [ 0 -1  0] [ 0.        -3.5310075  3.5310075]
     12  4.9936    2 Cs Cs [0 0 0] [ 0.         3.5310075  3.5310075]
     13  4.9936    2 Cs Cs [ 1 -1  0] [ 7.062015  -3.5310075  3.5310075]
     14  4.9936    2 Cs Cs [1 0 0] [ 7.062015   3.5310075  3.5310075]
     15  4.9936    4 Cs Cs [ 0 -1  0] [ 3.5310075 -3.5310075  0.       ]
     16  4.9936    4 Cs Cs [ 0 -1  1] [ 3.5310075 -3.5310075  7.062015 ]
     17  4.9936    4 Cs Cs [0 0 0] [ 3.5310075  3.5310075  0.       ]
     18  4.9936    4 Cs Cs [0 0 1] [ 3.5310075  3.5310075  7.062015 ]
     19  6.1159    5 Cl Cl [ 0 -1  0] [ 0.        -3.5310075  0.       ]
     20  6.1159    5 Cl Cl [ 0 -1  1] [ 0.        -3.5310075  7.062015 ]
     21  6.1159    5 Cl Cl [0 0 0] [ 0.         3.5310075  0.       ]
     22  6.1159    5 Cl Cl [0 0 1] [ 0.         3.5310075  7.062015 ]
     23  6.1159    5 Cl Cl [ 1 -1  0] [ 7.062015  -3.5310075  0.       ]
     24  6.1159    5 Cl Cl [ 1 -1  1] [ 7.062015  -3.5310075  7.062015 ]
     25  6.1159    5 Cl Cl [1 0 0] [ 7.062015   3.5310075  0.       ]
     26  6.1159    5 Cl Cl [1 0 1] [ 7.062015   3.5310075  7.062015 ]
     27  7.0620    3 Cs Cs [-1  0  0] [-3.5310075  0.         3.5310075]
     28  7.0620    3 Cs Cs [ 0 -1  0] [ 3.5310075 -7.062015   3.5310075]
     29  7.0620    3 Cs Cs [ 0  0 -1] [ 3.5310075  0.        -3.5310075]
     30  7.0620    3 Cs Cs [0 1 0] [ 3.5310075  7.062015   3.5310075]
     31  7.0620    3 Cs Cs [0 0 1] [  3.5310075   0.         10.5930225]
     32  7.0620    3 Cs Cs [1 0 0] [ 10.5930225   0.          3.5310075]
     33  7.8956    6 Cl Cl [ 0 -1  0] [ 0.        -7.062015   3.5310075]
     34  7.8956    6 Cl Cl [ 0  0 -1] [ 0.         0.        -3.5310075]
     35  7.8956    6 Cl Cl [0 1 0] [ 0.         7.062015   3.5310075]
     36  7.8956    6 Cl Cl [ 1 -1  0] [ 7.062015  -7.062015   3.5310075]
     37  7.8956    6 Cl Cl [ 1  0 -1] [ 7.062015   0.        -3.5310075]
     38  7.8956    6 Cl Cl [1 1 0] [ 7.062015   7.062015   3.5310075]
     39  7.8956    7 Cl Cl [-1 -1  0] [-3.5310075 -3.5310075  3.5310075]
     40  7.8956    7 Cl Cl [-1  0  0] [-3.5310075  3.5310075  3.5310075]
     41  7.8956    7 Cl Cl [ 0 -1 -1] [ 3.5310075 -3.5310075 -3.5310075]
     42  7.8956    7 Cl Cl [ 0  0 -1] [ 3.5310075  3.5310075 -3.5310075]
     43  7.8956    8 Cl Cl [-1  0  0] [-3.5310075  0.         0.       ]
     44  7.8956    8 Cl Cl [-1  0  1] [-3.5310075  0.         7.062015 ]
     45  7.8956    8 Cl Cl [ 0 -1  0] [ 3.5310075 -7.062015   0.       ]
     46  7.8956    8 Cl Cl [ 0 -1  1] [ 3.5310075 -7.062015   7.062015 ]
     47  7.8956    8 Cl Cl [0 1 0] [ 3.5310075  7.062015   0.       ]
     48  7.8956    8 Cl Cl [0 1 1] [ 3.5310075  7.062015   7.062015 ]
     49  7.8956    6 Cl Cl [0 0 1] [  0.          0.         10.5930225]
     50  7.8956    6 Cl Cl [1 0 1] [  7.062015    0.         10.5930225]
     51  7.8956    7 Cl Cl [ 0 -1  1] [  3.5310075  -3.5310075  10.5930225]
     52  7.8956    7 Cl Cl [0 0 1] [  3.5310075   3.5310075  10.5930225]
     53  7.8956    7 Cl Cl [ 1 -1  0] [ 10.5930225  -3.5310075   3.5310075]
     54  7.8956    7 Cl Cl [1 0 0] [ 10.5930225   3.5310075   3.5310075]
     55  7.8956    8 Cl Cl [1 0 0] [ 10.5930225   0.          0.       ]
     56  7.8956    8 Cl Cl [1 0 1] [ 10.5930225   0.          7.062015 ]
     57  8.6492    1 Cs Cs [ 0 -1  0] [ 0.       -7.062015  0.      ]
     58  8.6492    1 Cs Cs [ 0 -1  1] [ 0.       -7.062015  7.062015]
     59  8.6492    1 Cs Cs [0 1 0] [ 0.        7.062015  0.      ]
     60  8.6492    1 Cs Cs [0 1 1] [ 0.        7.062015  7.062015]
     61  8.6492    1 Cs Cs [ 1 -1  0] [ 7.062015 -7.062015  0.      ]
     62  8.6492    1 Cs Cs [ 1 -1  1] [ 7.062015 -7.062015  7.062015]
     63  8.6492    1 Cs Cs [1 1 0] [ 7.062015  7.062015  0.      ]
     64  8.6492    1 Cs Cs [1 1 1] [ 7.062015  7.062015  7.062015]
     65  8.6492    2 Cs Cs [ 0 -1 -1] [ 0.        -3.5310075 -3.5310075]
     66  8.6492    2 Cs Cs [ 0 -1  1] [  0.         -3.5310075  10.5930225]
     67  8.6492    2 Cs Cs [ 0  0 -1] [ 0.         3.5310075 -3.5310075]
     68  8.6492    2 Cs Cs [0 0 1] [  0.          3.5310075  10.5930225]
     69  8.6492    2 Cs Cs [ 1 -1 -1] [ 7.062015  -3.5310075 -3.5310075]
     70  8.6492    2 Cs Cs [ 1 -1  1] [  7.062015   -3.5310075  10.5930225]
     71  8.6492    2 Cs Cs [ 1  0 -1] [ 7.062015   3.5310075 -3.5310075]
     72  8.6492    2 Cs Cs [1 0 1] [  7.062015    3.5310075  10.5930225]
     73  8.6492    4 Cs Cs [-1 -1  0] [-3.5310075 -3.5310075  0.       ]
     74  8.6492    4 Cs Cs [-1 -1  1] [-3.5310075 -3.5310075  7.062015 ]
     75  8.6492    4 Cs Cs [-1  0  0] [-3.5310075  3.5310075  0.       ]
     76  8.6492    4 Cs Cs [-1  0  1] [-3.5310075  3.5310075  7.062015 ]
     77  8.6492    4 Cs Cs [ 1 -1  0] [ 10.5930225  -3.5310075   0.       ]
     78  8.6492    4 Cs Cs [ 1 -1  1] [ 10.5930225  -3.5310075   7.062015 ]
     79  8.6492    4 Cs Cs [1 0 0] [ 10.5930225   3.5310075   0.       ]
     80  8.6492    4 Cs Cs [1 0 1] [ 10.5930225   3.5310075   7.062015 ]
     81  9.9872    3 Cs Cs [-1 -1  0] [-3.5310075 -7.062015   3.5310075]
     82  9.9872    3 Cs Cs [-1  0 -1] [-3.5310075  0.        -3.5310075]
     83  9.9872    3 Cs Cs [-1  0  1] [ -3.5310075   0.         10.5930225]
     84  9.9872    3 Cs Cs [-1  1  0] [-3.5310075  7.062015   3.5310075]
     85  9.9872    3 Cs Cs [ 0 -1 -1] [ 3.5310075 -7.062015  -3.5310075]
     86  9.9872    3 Cs Cs [ 0 -1  1] [  3.5310075  -7.062015   10.5930225]
     87  9.9872    3 Cs Cs [ 0  1 -1] [ 3.5310075  7.062015  -3.5310075]
     88  9.9872    3 Cs Cs [0 1 1] [  3.5310075   7.062015   10.5930225]
     89  9.9872    3 Cs Cs [ 1 -1  0] [ 10.5930225  -7.062015    3.5310075]
     90  9.9872    3 Cs Cs [ 1  0 -1] [ 10.5930225   0.         -3.5310075]
     91  9.9872    3 Cs Cs [1 0 1] [ 10.5930225   0.         10.5930225]
     92  9.9872    3 Cs Cs [1 1 0] [ 10.5930225   7.062015    3.5310075]
4 Cs Cs [ 3.5310075  3.5310075  0.       ]
      1  3.5310    5 Cl Cl [0 0 0] [ 0.         3.5310075  0.       ]
      2  3.5310    5 Cl Cl [1 0 0] [ 7.062015   3.5310075  0.       ]
      3  3.5310    7 Cl Cl [ 0  0 -1] [ 3.5310075  3.5310075 -3.5310075]
      4  3.5310    7 Cl Cl [0 0 0] [ 3.5310075  3.5310075  3.5310075]
      5  3.5310    8 Cl Cl [0 0 0] [ 3.5310075  0.         0.       ]
      6  3.5310    8 Cl Cl [0 1 0] [ 3.5310075  7.062015   0.       ]
      7  4.9936    1 Cs Cs [0 0 0] [ 0.  0.  0.]
      8  4.9936    1 Cs Cs [0 1 0] [ 0.        7.062015  0.      ]
      9  4.9936    1 Cs Cs [1 0 0] [ 7.062015  0.        0.      ]
     10  4.9936    1 Cs Cs [1 1 0] [ 7.062015  7.062015  0.      ]
     11  4.9936    2 Cs Cs [ 0  0 -1] [ 0.         3.5310075 -3.5310075]
     12  4.9936    2 Cs Cs [0 0 0] [ 0.         3.5310075  3.5310075]
     13  4.9936    2 Cs Cs [ 1  0 -1] [ 7.062015   3.5310075 -3.5310075]
     14  4.9936    2 Cs Cs [1 0 0] [ 7.062015   3.5310075  3.5310075]
     15  4.9936    3 Cs Cs [ 0  0 -1] [ 3.5310075  0.        -3.5310075]
     16  4.9936    3 Cs Cs [0 0 0] [ 3.5310075  0.         3.5310075]
     17  4.9936    3 Cs Cs [ 0  1 -1] [ 3.5310075  7.062015  -3.5310075]
     18  4.9936    3 Cs Cs [0 1 0] [ 3.5310075  7.062015   3.5310075]
     19  6.1159    6 Cl Cl [ 0  0 -1] [ 0.         0.        -3.5310075]
     20  6.1159    6 Cl Cl [0 0 0] [ 0.         0.         3.5310075]
     21  6.1159    6 Cl Cl [ 0  1 -1] [ 0.         7.062015  -3.5310075]
     22  6.1159    6 Cl Cl [0 1 0] [ 0.         7.062015   3.5310075]
     23  6.1159    6 Cl Cl [ 1  0 -1] [ 7.062015   0.        -3.5310075]
     24  6.1159    6 Cl Cl [1 0 0] [ 7.062015   0.         3.5310075]
     25  6.1159    6 Cl Cl [ 1  1 -1] [ 7.062015   7.062015  -3.5310075]
     26  6.1159    6 Cl Cl [1 1 0] [ 7.062015   7.062015   3.5310075]
     27  7.0620    4 Cs Cs [-1  0  0] [-3.5310075  3.5310075  0.       ]
     28  7.0620    4 Cs Cs [ 0 -1  0] [ 3.5310075 -3.5310075  0.       ]
     29  7.0620    4 Cs Cs [ 0  0 -1] [ 3.5310075  3.5310075 -7.062015 ]
     30  7.0620    4 Cs Cs [0 0 1] [ 3.5310075  3.5310075  7.062015 ]
     31  7.0620    4 Cs Cs [0 1 0] [  3.5310075  10.5930225   0.       ]
     32  7.0620    4 Cs Cs [1 0 0] [ 10.5930225   3.5310075   0.       ]
     33  7.8956    5 Cl Cl [ 0 -1  0] [ 0.        -3.5310075  0.       ]
     34  7.8956    5 Cl Cl [ 0  0 -1] [ 0.         3.5310075 -7.062015 ]
     35  7.8956    5 Cl Cl [0 0 1] [ 0.         3.5310075  7.062015 ]
     36  7.8956    5 Cl Cl [ 1 -1  0] [ 7.062015  -3.5310075  0.       ]
     37  7.8956    5 Cl Cl [ 1  0 -1] [ 7.062015   3.5310075 -7.062015 ]
     38  7.8956    5 Cl Cl [1 0 1] [ 7.062015   3.5310075  7.062015 ]
     39  7.8956    7 Cl Cl [-1  0 -1] [-3.5310075  3.5310075 -3.5310075]
     40  7.8956    7 Cl Cl [-1  0  0] [-3.5310075  3.5310075  3.5310075]
     41  7.8956    7 Cl Cl [ 0 -1 -1] [ 3.5310075 -3.5310075 -3.5310075]
     42  7.8956    7 Cl Cl [ 0 -1  0] [ 3.5310075 -3.5310075  3.5310075]
     43  7.8956    8 Cl Cl [-1  0  0] [-3.5310075  0.         0.       ]
     44  7.8956    8 Cl Cl [-1  1  0] [-3.5310075  7.062015   0.       ]
     45  7.8956    8 Cl Cl [ 0  0 -1] [ 3.5310075  0.        -7.062015 ]
     46  7.8956    8 Cl Cl [0 0 1] [ 3.5310075  0.         7.062015 ]
     47  7.8956    8 Cl Cl [ 0  1 -1] [ 3.5310075  7.062015  -7.062015 ]
     48  7.8956    8 Cl Cl [0 1 1] [ 3.5310075  7.062015   7.062015 ]
     49  7.8956    5 Cl Cl [0 1 0] [  0.         10.5930225   0.       ]
     50  7.8956    5 Cl Cl [1 1 0] [  7.062015   10.5930225   0.       ]
     51  7.8956    7 Cl Cl [ 0  1 -1] [  3.5310075  10.5930225  -3.5310075]
     52  7.8956    7 Cl Cl [0 1 0] [  3.5310075  10.5930225   3.5310075]
     53  7.8956    7 Cl Cl [ 1  0 -1] [ 10.5930225   3.5310075  -3.5310075]
     54  7.8956    7 Cl Cl [1 0 0] [ 10.5930225   3.5310075   3.5310075]
     55  7.8956    8 Cl Cl [1 0 0] [ 10.5930225   0.          0.       ]
     56  7.8956    8 Cl Cl [1 1 0] [ 10.5930225   7.062015    0.       ]
     57  8.6492    1 Cs Cs [ 0  0 -1] [ 0.        0.       -7.062015]
     58  8.6492    1 Cs Cs [0 0 1] [ 0.        0.        7.062015]
     59  8.6492    1 Cs Cs [ 0  1 -1] [ 0.        7.062015 -7.062015]
     60  8.6492    1 Cs Cs [0 1 1] [ 0.        7.062015  7.062015]
     61  8.6492    1 Cs Cs [ 1  0 -1] [ 7.062015  0.       -7.062015]
     62  8.6492    1 Cs Cs [1 0 1] [ 7.062015  0.        7.062015]
     63  8.6492    1 Cs Cs [ 1  1 -1] [ 7.062015  7.062015 -7.062015]
     64  8.6492    1 Cs Cs [1 1 1] [ 7.062015  7.062015  7.062015]
     65  8.6492    2 Cs Cs [ 0 -1 -1] [ 0.        -3.5310075 -3.5310075]
     66  8.6492    2 Cs Cs [ 0 -1  0] [ 0.        -3.5310075  3.5310075]
     67  8.6492    2 Cs Cs [ 0  1 -1] [  0.         10.5930225  -3.5310075]
     68  8.6492    2 Cs Cs [0 1 0] [  0.         10.5930225   3.5310075]
     69  8.6492    2 Cs Cs [ 1 -1 -1] [ 7.062015  -3.5310075 -3.5310075]
     70  8.6492    2 Cs Cs [ 1 -1  0] [ 7.062015  -3.5310075  3.5310075]
     71  8.6492    2 Cs Cs [ 1  1 -1] [  7.062015   10.5930225  -3.5310075]
     72  8.6492    2 Cs Cs [1 1 0] [  7.062015   10.5930225   3.5310075]
     73  8.6492    3 Cs Cs [-1  0 -1] [-3.5310075  0.        -3.5310075]
     74  8.6492    3 Cs Cs [-1  0  0] [-3.5310075  0.         3.5310075]
     75  8.6492    3 Cs Cs [-1  1 -1] [-3.5310075  7.062015  -3.5310075]
     76  8.6492    3 Cs Cs [-1  1  0] [-3.5310075  7.062015   3.5310075]
     77  8.6492    3 Cs Cs [ 1  0 -1] [ 10.5930225   0.         -3.5310075]
     78  8.6492    3 Cs Cs [1 0 0] [ 10.5930225   0.          3.5310075]
     79  8.6492    3 Cs Cs [ 1  1 -1] [ 10.5930225   7.062015   -3.5310075]
     80  8.6492    3 Cs Cs [1 1 0] [ 10.5930225   7.062015    3.5310075]
     81  9.9872    4 Cs Cs [-1 -1  0] [-3.5310075 -3.5310075  0.       ]
     82  9.9872    4 Cs Cs [-1  0 -1] [-3.5310075  3.5310075 -7.062015 ]
     83  9.9872    4 Cs Cs [-1  0  1] [-3.5310075  3.5310075  7.062015 ]
     84  9.9872    4 Cs Cs [-1  1  0] [ -3.5310075  10.5930225   0.       ]
     85  9.9872    4 Cs Cs [ 0 -1 -1] [ 3.5310075 -3.5310075 -7.062015 ]
     86  9.9872    4 Cs Cs [ 0 -1  1] [ 3.5310075 -3.5310075  7.062015 ]
     87  9.9872    4 Cs Cs [ 0  1 -1] [  3.5310075  10.5930225  -7.062015 ]
     88  9.9872    4 Cs Cs [0 1 1] [  3.5310075  10.5930225   7.062015 ]
     89  9.9872    4 Cs Cs [ 1 -1  0] [ 10.5930225  -3.5310075   0.       ]
     90  9.9872    4 Cs Cs [ 1  0 -1] [ 10.5930225   3.5310075  -7.062015 ]
     91  9.9872    4 Cs Cs [1 0 1] [ 10.5930225   3.5310075   7.062015 ]
     92  9.9872    4 Cs Cs [1 1 0] [ 10.5930225  10.5930225   0.       ]
5 Cl Cl [ 0.         3.5310075  0.       ]
      1  3.5310    1 Cs Cs [0 0 0] [ 0.  0.  0.]
      2  3.5310    1 Cs Cs [0 1 0] [ 0.        7.062015  0.      ]
      3  3.5310    2 Cs Cs [ 0  0 -1] [ 0.         3.5310075 -3.5310075]
      4  3.5310    2 Cs Cs [0 0 0] [ 0.         3.5310075  3.5310075]
      5  3.5310    4 Cs Cs [-1  0  0] [-3.5310075  3.5310075  0.       ]
      6  3.5310    4 Cs Cs [0 0 0] [ 3.5310075  3.5310075  0.       ]
      7  4.9936    6 Cl Cl [ 0  0 -1] [ 0.         0.        -3.5310075]
      8  4.9936    6 Cl Cl [0 0 0] [ 0.         0.         3.5310075]
      9  4.9936    6 Cl Cl [ 0  1 -1] [ 0.         7.062015  -3.5310075]
     10  4.9936    6 Cl Cl [0 1 0] [ 0.         7.062015   3.5310075]
     11  4.9936    7 Cl Cl [-1  0 -1] [-3.5310075  3.5310075 -3.5310075]
     12  4.9936    7 Cl Cl [-1  0  0] [-3.5310075  3.5310075  3.5310075]
     13  4.9936    7 Cl Cl [ 0  0 -1] [ 3.5310075  3.5310075 -3.5310075]
     14  4.9936    7 Cl Cl [0 0 0] [ 3.5310075  3.5310075  3.5310075]
     15  4.9936    8 Cl Cl [-1  0  0] [-3.5310075  0.         0.       ]
     16  4.9936    8 Cl Cl [-1  1  0] [-3.5310075  7.062015   0.       ]
     17  4.9936    8 Cl Cl [0 0 0] [ 3.5310075  0.         0.       ]
     18  4.9936    8 Cl Cl [0 1 0] [ 3.5310075  7.062015   0.       ]
     19  6.1159    3 Cs Cs [-1  0 -1] [-3.5310075  0.        -3.5310075]
     20  6.1159    3 Cs Cs [-1  0  0] [-3.5310075  0.         3.5310075]
     21  6.1159    3 Cs Cs [-1  1 -1] [-3.5310075  7.062015  -3.5310075]
     22  6.1159    3 Cs Cs [-1  1  0] [-3.5310075  7.062015   3.5310075]
     23  6.1159    3 Cs Cs [ 0  0 -1] [ 3.5310075  0.        -3.5310075]
     24  6.1159    3 Cs Cs [0 0 0] [ 3.5310075  0.         3.5310075]
     25  6.1159    3 Cs Cs [ 0  1 -1] [ 3.5310075  7.062015  -3.5310075]
     26  6.1159    3 Cs Cs [0 1 0] [ 3.5310075  7.062015   3.5310075]
     27  7.0620    5 Cl Cl [-1  0  0] [-7.062015   3.5310075  0.       ]
     28  7.0620    5 Cl Cl [ 0 -1  0] [ 0.        -3.5310075  0.       ]
     29  7.0620    5 Cl Cl [ 0  0 -1] [ 0.         3.5310075 -7.062015 ]
     30  7.0620    5 Cl Cl [0 0 1] [ 0.         3.5310075  7.062015 ]
     31  7.0620    5 Cl Cl [1 0 0] [ 7.062015   3.5310075  0.       ]
     32  7.0620    5 Cl Cl [0 1 0] [  0.         10.5930225   0.       ]
     33  7.8956    1 Cs Cs [-1  0  0] [-7.062015  0.        0.      ]
     34  7.8956    1 Cs Cs [-1  1  0] [-7.062015  7.062015  0.      ]
     35  7.8956    1 Cs Cs [ 0  0 -1] [ 0.        0.       -7.062015]
     36  7.8956    1 Cs Cs [0 0 1] [ 0.        0.        7.062015]
     37  7.8956    1 Cs Cs [ 0  1 -1] [ 0.        7.062015 -7.062015]
     38  7.8956    1 Cs Cs [0 1 1] [ 0.        7.062015  7.062015]
     39  7.8956    1 Cs Cs [1 0 0] [ 7.062015  0.        0.      ]
     40  7.8956    1 Cs Cs [1 1 0] [ 7.062015  7.062015  0.      ]
     41  7.8956    2 Cs Cs [-1  0 -1] [-7.062015   3.5310075 -3.5310075]
     42  7.8956    2 Cs Cs [-1  0  0] [-7.062015   3.5310075  3.5310075]
     43  7.8956    2 Cs Cs [ 0 -1 -1] [ 0.        -3.5310075 -3.5310075]
     44  7.8956    2 Cs Cs [ 0 -1  0] [ 0.        -3.5310075  3.5310075]
     45  7.8956    2 Cs Cs [ 1  0 -1] [ 7.062015   3.5310075 -3.5310075]
     46  7.8956    2 Cs Cs [1 0 0] [ 7.062015   3.5310075  3.5310075]
     47  7.8956    4 Cs Cs [-1 -1  0] [-3.5310075 -3.5310075  0.       ]
     48  7.8956    4 Cs Cs [-1  0 -1] [-3.5310075  3.5310075 -7.062015 ]
     49  7.8956    4 Cs Cs [-1  0  1] [-3.5310075  3.5310075  7.062015 ]
     50  7.8956    4 Cs Cs [ 0 -1  0] [ 3.5310075 -3.5310075  0.       ]
     51  7.8956    4 Cs Cs [ 0  0 -1] [ 3.5310075  3.5310075 -7.062015 ]
     52  7.8956    4 Cs Cs [0 0 1] [ 3.5310075  3.5310075  7.062015 ]
     53  7.8956    2 Cs Cs [ 0  1 -1] [  0.         10.5930225  -3.5310075]
     54  7.8956    2 Cs Cs [0 1 0] [  0.         10.5930225   3.5310075]
     55  7.8956    4 Cs Cs [-1  1  0] [ -3.5310075  10.5930225   0.       ]
     56  7.8956    4 Cs Cs [0 1 0] [  3.5310075  10.5930225   0.       ]
     57  8.6492    6 Cl Cl [-1  0 -1] [-7.062015   0.        -3.5310075]
     58  8.6492    6 Cl Cl [-1  0  0] [-7.062015   0.         3.5310075]
     59  8.6492    6 Cl Cl [-1  1 -1] [-7.062015   7.062015  -3.5310075]
     60  8.6492    6 Cl Cl [-1  1  0] [-7.062015   7.062015   3.5310075]
     61  8.6492    6 Cl Cl [ 1  0 -1] [ 7.062015   0.        -3.5310075]
     62  8.6492    6 Cl Cl [1 0 0] [ 7.062015   0.         3.5310075]
     63  8.6492    6 Cl Cl [ 1  1 -1] [ 7.062015   7.062015  -3.5310075]
     64  8.6492    6 Cl Cl [1 1 0] [ 7.062015   7.062015   3.5310075]
     65  8.6492    7 Cl Cl [-1 -1 -1] [-3.5310075 -3.5310075 -3.5310075]
     66  8.6492    7 Cl Cl [-1 -1  0] [-3.5310075 -3.5310075  3.5310075]
     67  8.6492    7 Cl Cl [-1  1 -1] [ -3.5310075  10.5930225  -3.5310075]
     68  8.6492    7 Cl Cl [-1  1  0] [ -3.5310075  10.5930225   3.5310075]
     69  8.6492    7 Cl Cl [ 0 -1 -1] [ 3.5310075 -3.5310075 -3.5310075]
     70  8.6492    7 Cl Cl [ 0 -1  0] [ 3.5310075 -3.5310075  3.5310075]
     71  8.6492    7 Cl Cl [ 0  1 -1] [  3.5310075  10.5930225  -3.5310075]
     72  8.6492    7 Cl Cl [0 1 0] [  3.5310075  10.5930225   3.5310075]
     73  8.6492    8 Cl Cl [-1  0 -1] [-3.5310075  0.        -7.062015 ]
     74  8.6492    8 Cl Cl [-1  0  1] [-3.5310075  0.         7.062015 ]
     75  8.6492    8 Cl Cl [-1  1 -1] [-3.5310075  7.062015  -7.062015 ]
     76  8.6492    8 Cl Cl [-1  1  1] [-3.5310075  7.062015   7.062015 ]
     77  8.6492    8 Cl Cl [ 0  0 -1] [ 3.5310075  0.        -7.062015 ]
     78  8.6492    8 Cl Cl [0 0 1] [ 3.5310075  0.         7.062015 ]
     79  8.6492    8 Cl Cl [ 0  1 -1] [ 3.5310075  7.062015  -7.062015 ]
     80  8.6492    8 Cl Cl [0 1 1] [ 3.5310075  7.062015   7.062015 ]
     81  9.9872    5 Cl Cl [-1 -1  0] [-7.062015  -3.5310075  0.       ]
     82  9.9872    5 Cl Cl [-1  0 -1] [-7.062015   3.5310075 -7.062015 ]
     83  9.9872    5 Cl Cl [-1  0  1] [-7.062015   3.5310075  7.062015 ]
     84  9.9872    5 Cl Cl [-1  1  0] [ -7.062015   10.5930225   0.       ]
     85  9.9872    5 Cl Cl [ 0 -1 -1] [ 0.        -3.5310075 -7.062015 ]
     86  9.9872    5 Cl Cl [ 0 -1  1] [ 0.        -3.5310075  7.062015 ]
     87  9.9872    5 Cl Cl [ 0  1 -1] [  0.         10.5930225  -7.062015 ]
     88  9.9872    5 Cl Cl [0 1 1] [  0.         10.5930225   7.062015 ]
     89  9.9872    5 Cl Cl [ 1 -1  0] [ 7.062015  -3.5310075  0.       ]
     90  9.9872    5 Cl Cl [ 1  0 -1] [ 7.062015   3.5310075 -7.062015 ]
     91  9.9872    5 Cl Cl [1 0 1] [ 7.062015   3.5310075  7.062015 ]
     92  9.9872    5 Cl Cl [1 1 0] [  7.062015   10.5930225   0.       ]
6 Cl Cl [ 0.         0.         3.5310075]
      1  3.5310    1 Cs Cs [0 0 0] [ 0.  0.  0.]
      2  3.5310    1 Cs Cs [0 0 1] [ 0.        0.        7.062015]
      3  3.5310    2 Cs Cs [ 0 -1  0] [ 0.        -3.5310075  3.5310075]
      4  3.5310    2 Cs Cs [0 0 0] [ 0.         3.5310075  3.5310075]
      5  3.5310    3 Cs Cs [-1  0  0] [-3.5310075  0.         3.5310075]
      6  3.5310    3 Cs Cs [0 0 0] [ 3.5310075  0.         3.5310075]
      7  4.9936    5 Cl Cl [ 0 -1  0] [ 0.        -3.5310075  0.       ]
      8  4.9936    5 Cl Cl [ 0 -1  1] [ 0.        -3.5310075  7.062015 ]
      9  4.9936    5 Cl Cl [0 0 0] [ 0.         3.5310075  0.       ]
     10  4.9936    5 Cl Cl [0 0 1] [ 0.         3.5310075  7.062015 ]
     11  4.9936    7 Cl Cl [-1 -1  0] [-3.5310075 -3.5310075  3.5310075]
     12  4.9936    7 Cl Cl [-1  0  0] [-3.5310075  3.5310075  3.5310075]
     13  4.9936    7 Cl Cl [ 0 -1  0] [ 3.5310075 -3.5310075  3.5310075]
     14  4.9936    7 Cl Cl [0 0 0] [ 3.5310075  3.5310075  3.5310075]
     15  4.9936    8 Cl Cl [-1  0  0] [-3.5310075  0.         0.       ]
     16  4.9936    8 Cl Cl [-1  0  1] [-3.5310075  0.         7.062015 ]
     17  4.9936    8 Cl Cl [0 0 0] [ 3.5310075  0.         0.       ]
     18  4.9936    8 Cl Cl [0 0 1] [ 3.5310075  0.         7.062015 ]
     19  6.1159    4 Cs Cs [-1 -1  0] [-3.5310075 -3.5310075  0.       ]
     20  6.1159    4 Cs Cs [-1 -1  1] [-3.5310075 -3.5310075  7.062015 ]
     21  6.1159    4 Cs Cs [-1  0  0] [-3.5310075  3.5310075  0.       ]
     22  6.1159    4 Cs Cs [-1  0  1] [-3.5310075  3.5310075  7.062015 ]
     23  6.1159    4 Cs Cs [ 0 -1  0] [ 3.5310075 -3.5310075  0.       ]
     24  6.1159    4 Cs Cs [ 0 -1  1] [ 3.5310075 -3.5310075  7.062015 ]
     25  6.1159    4 Cs Cs [0 0 0] [ 3.5310075  3.5310075  0.       ]
     26  6.1159    4 Cs Cs [0 0 1] [ 3.5310075  3.5310075  7.062015 ]
     27  7.0620    6 Cl Cl [-1  0  0] [-7.062015   0.         3.5310075]
     28  7.0620    6 Cl Cl [ 0 -1  0] [ 0.        -7.062015   3.5310075]
     29  7.0620    6 Cl Cl [ 0  0 -1] [ 0.         0.        -3.5310075]
     30  7.0620    6 Cl Cl [0 1 0] [ 0.         7.062015   3.5310075]
     31  7.0620    6 Cl Cl [1 0 0] [ 7.062015   0.         3.5310075]
     32  7.0620    6 Cl Cl [0 0 1] [  0.          0.         10.5930225]
     33  7.8956    1 Cs Cs [-1  0  0] [-7.062015  0.        0.      ]
     34  7.8956    1 Cs Cs [-1  0  1] [-7.062015  0.        7.062015]
     35  7.8956    1 Cs Cs [ 0 -1  0] [ 0.       -7.062015  0.      ]
     36  7.8956    1 Cs Cs [ 0 -1  1] [ 0.       -7.062015  7.062015]
     37  7.8956    1 Cs Cs [0 1 0] [ 0.        7.062015  0.      ]
     38  7.8956    1 Cs Cs [0 1 1] [ 0.        7.062015  7.062015]
     39  7.8956    1 Cs Cs [1 0 0] [ 7.062015  0.        0.      ]
     40  7.8956    1 Cs Cs [1 0 1] [ 7.062015  0.        7.062015]
     41  7.8956    2 Cs Cs [-1 -1  0] [-7.062015  -3.5310075  3.5310075]
     42  7.8956    2 Cs Cs [-1  0  0] [-7.062015   3.5310075  3.5310075]
     43  7.8956    2 Cs Cs [ 0 -1 -1] [ 0.        -3.5310075 -3.5310075]
     44  7.8956    2 Cs Cs [ 0  0 -1] [ 0.         3.5310075 -3.5310075]
     45  7.8956    2 Cs Cs [ 1 -1  0] [ 7.062015  -3.5310075  3.5310075]
     46  7.8956    2 Cs Cs [1 0 0] [ 7.062015   3.5310075  3.5310075]
     47  7.8956    3 Cs Cs [-1 -1  0] [-3.5310075 -7.062015   3.5310075]
     48  7.8956    3 Cs Cs [-1  0 -1] [-3.5310075  0.        -3.5310075]
     49  7.8956    3 Cs Cs [-1  1  0] [-3.5310075  7.062015   3.5310075]
     50  7.8956    3 Cs Cs [ 0 -1  0] [ 3.5310075 -7.062015   3.5310075]
     51  7.8956    3 Cs Cs [ 0  0 -1] [ 3.5310075  0.        -3.5310075]
     52  7.8956    3 Cs Cs [0 1 0] [ 3.5310075  7.062015   3.5310075]
     53  7.8956    2 Cs Cs [ 0 -1  1] [  0.         -3.5310075  10.5930225]
     54  7.8956    2 Cs Cs [0 0 1] [  0.          3.5310075  10.5930225]
     55  7.8956    3 Cs Cs [-1  0  1] [ -3.5310075   0.         10.5930225]
     56  7.8956    3 Cs Cs [0 0 1] [  3.5310075   0.         10.5930225]
     57  8.6492    5 Cl Cl [-1 -1  0] [-7.062015  -3.5310075  0.       ]
     58  8.6492    5 Cl Cl [-1 -1  1] [-7.062015  -3.5310075  7.062015 ]
     59  8.6492    5 Cl Cl [-1  0  0] [-7.062015   3.5310075  0.       ]
     60  8.6492    5 Cl Cl [-1  0  1] [-7.062015   3.5310075  7.062015 ]
     61  8.6492    5 Cl Cl [ 1 -1  0] [ 7.062015  -3.5310075  0.       ]
     62  8.6492    5 Cl Cl [ 1 -1  1] [ 7.062015  -3.5310075  7.062015 ]
     63  8.6492    5 Cl Cl [1 0 0] [ 7.062015   3.5310075  0.       ]
     64  8.6492    5 Cl Cl [1 0 1] [ 7.062015   3.5310075  7.062015 ]
     65  8.6492    7 Cl Cl [-1 -1 -1] [-3.5310075 -3.5310075 -3.5310075]
     66  8.6492    7 Cl Cl [-1 -1  1] [ -3.5310075  -3.5310075  10.5930225]
     67  8.6492    7 Cl Cl [-1  0 -1] [-3.5310075  3.5310075 -3.5310075]
     68  8.6492    7 Cl Cl [-1  0  1] [ -3.5310075   3.5310075  10.5930225]
     69  8.6492    7 Cl Cl [ 0 -1 -1] [ 3.5310075 -3.5310075 -3.5310075]
     70  8.6492    7 Cl Cl [ 0 -1  1] [  3.5310075  -3.5310075  10.5930225]
     71  8.6492    7 Cl Cl [ 0  0 -1] [ 3.5310075  3.5310075 -3.5310075]
     72  8.6492    7 Cl Cl [0 0 1] [  3.5310075   3.5310075  10.5930225]
     73  8.6492    8 Cl Cl [-1 -1  0] [-3.5310075 -7.062015   0.       ]
     74  8.6492    8 Cl Cl [-1 -1  1] [-3.5310075 -7.062015   7.062015 ]
     75  8.6492    8 Cl Cl [-1  1  0] [-3.5310075  7.062015   0.       ]
     76  8.6492    8 Cl Cl [-1  1  1] [-3.5310075  7.062015   7.062015 ]
     77  8.6492    8 Cl Cl [ 0 -1  0] [ 3.5310075 -7.062015   0.       ]
     78  8.6492    8 Cl Cl [ 0 -1  1] [ 3.5310075 -7.062015   7.062015 ]
     79  8.6492    8 Cl Cl [0 1 0] [ 3.5310075  7.062015   0.       ]
     80  8.6492    8 Cl Cl [0 1 1] [ 3.5310075  7.062015   7.062015 ]
     81  9.9872    6 Cl Cl [-1 -1  0] [-7.062015  -7.062015   3.5310075]
     82  9.9872    6 Cl Cl [-1  0 -1] [-7.062015   0.        -3.5310075]
     83  9.9872    6 Cl Cl [-1  0  1] [ -7.062015    0.         10.5930225]
     84  9.9872    6 Cl Cl [-1  1  0] [-7.062015   7.062015   3.5310075]
     85  9.9872    6 Cl Cl [ 0 -1 -1] [ 0.        -7.062015  -3.5310075]
     86  9.9872    6 Cl Cl [ 0 -1  1] [  0.         -7.062015   10.5930225]
     87  9.9872    6 Cl Cl [ 0  1 -1] [ 0.         7.062015  -3.5310075]
     88  9.9872    6 Cl Cl [0 1 1] [  0.          7.062015   10.5930225]
     89  9.9872    6 Cl Cl [ 1 -1  0] [ 7.062015  -7.062015   3.5310075]
     90  9.9872    6 Cl Cl [ 1  0 -1] [ 7.062015   0.        -3.5310075]
     91  9.9872    6 Cl Cl [1 0 1] [  7.062015    0.         10.5930225]
     92  9.9872    6 Cl Cl [1 1 0] [ 7.062015   7.062015   3.5310075]
7 Cl Cl [ 3.5310075  3.5310075  3.5310075]
      1  3.5310    2 Cs Cs [0 0 0] [ 0.         3.5310075  3.5310075]
      2  3.5310    2 Cs Cs [1 0 0] [ 7.062015   3.5310075  3.5310075]
      3  3.5310    3 Cs Cs [0 0 0] [ 3.5310075  0.         3.5310075]
      4  3.5310    3 Cs Cs [0 1 0] [ 3.5310075  7.062015   3.5310075]
      5  3.5310    4 Cs Cs [0 0 0] [ 3.5310075  3.5310075  0.       ]
      6  3.5310    4 Cs Cs [0 0 1] [ 3.5310075  3.5310075  7.062015 ]
      7  4.9936    5 Cl Cl [0 0 0] [ 0.         3.5310075  0.       ]
      8  4.9936    5 Cl Cl [0 0 1] [ 0.         3.5310075  7.062015 ]
      9  4.9936    5 Cl Cl [1 0 0] [ 7.062015   3.5310075  0.       ]
     10  4.9936    5 Cl Cl [1 0 1] [ 7.062015   3.5310075  7.062015 ]
     11  4.9936    6 Cl Cl [0 0 0] [ 0.         0.         3.5310075]
     12  4.9936    6 Cl Cl [0 1 0] [ 0.         7.062015   3.5310075]
     13  4.9936    6 Cl Cl [1 0 0] [ 7.062015   0.         3.5310075]
     14  4.9936    6 Cl Cl [1 1 0] [ 7.062015   7.062015   3.5310075]
     15  4.9936    8 Cl Cl [0 0 0] [ 3.5310075  0.         0.       ]
     16  4.9936    8 Cl Cl [0 0 1] [ 3.5310075  0.         7.062015 ]
     17  4.9936    8 Cl Cl [0 1 0] [ 3.5310075  7.062015   0.       ]
     18  4.9936    8 Cl Cl [0 1 1] [ 3.5310075  7.062015   7.062015 ]
     19  6.1159    1 Cs Cs [0 0 0] [ 0.  0.  0.]
     20  6.1159    1 Cs Cs [0 0 1] [ 0.        0.        7.062015]
     21  6.1159    1 Cs Cs [0 1 0] [ 0.        7.062015  0.      ]
     22  6.1159    1 Cs Cs [0 1 1] [ 0.        7.062015  7.062015]
     23  6.1159    1 Cs Cs [1 0 0] [ 7.062015  0.        0.      ]
     24  6.1159    1 Cs Cs [1 0 1] [ 7.062015  0.        7.062015]
     25  6.1159    1 Cs Cs [1 1 0] [ 7.062015  7.062015  0.      ]
     26  6.1159    1 Cs Cs [1 1 1] [ 7.062015  7.062015  7.062015]
     27  7.0620    7 Cl Cl [-1  0  0] [-3.5310075  3.5310075  3.5310075]
     28  7.0620    7 Cl Cl [ 0 -1  0] [ 3.5310075 -3.5310075  3.5310075]
     29  7.0620    7 Cl Cl [ 0  0 -1] [ 3.5310075  3.5310075 -3.5310075]
     30  7.0620    7 Cl Cl [0 0 1] [  3.5310075   3.5310075  10.5930225]
     31  7.0620    7 Cl Cl [0 1 0] [  3.5310075  10.5930225   3.5310075]
     32  7.0620    7 Cl Cl [1 0 0] [ 10.5930225   3.5310075   3.5310075]
     33  7.8956    2 Cs Cs [ 0 -1  0] [ 0.        -3.5310075  3.5310075]
     34  7.8956    2 Cs Cs [ 0  0 -1] [ 0.         3.5310075 -3.5310075]
     35  7.8956    2 Cs Cs [ 1 -1  0] [ 7.062015  -3.5310075  3.5310075]
     36  7.8956    2 Cs Cs [ 1  0 -1] [ 7.062015   3.5310075 -3.5310075]
     37  7.8956    3 Cs Cs [-1  0  0] [-3.5310075  0.         3.5310075]
     38  7.8956    3 Cs Cs [-1  1  0] [-3.5310075  7.062015   3.5310075]
     39  7.8956    3 Cs Cs [ 0  0 -1] [ 3.5310075  0.        -3.5310075]
     40  7.8956    3 Cs Cs [ 0  1 -1] [ 3.5310075  7.062015  -3.5310075]
     41  7.8956    4 Cs Cs [-1  0  0] [-3.5310075  3.5310075  0.       ]
     42  7.8956    4 Cs Cs [-1  0  1] [-3.5310075  3.5310075  7.062015 ]
     43  7.8956    4 Cs Cs [ 0 -1  0] [ 3.5310075 -3.5310075  0.       ]
     44  7.8956    4 Cs Cs [ 0 -1  1] [ 3.5310075 -3.5310075  7.062015 ]
     45  7.8956    2 Cs Cs [0 0 1] [  0.          3.5310075  10.5930225]
     46  7.8956    2 Cs Cs [0 1 0] [  0.         10.5930225   3.5310075]
     47  7.8956    2 Cs Cs [1 0 1] [  7.062015    3.5310075  10.5930225]
     48  7.8956    2 Cs Cs [1 1 0] [  7.062015   10.5930225   3.5310075]
     49  7.8956    3 Cs Cs [0 0 1] [  3.5310075   0.         10.5930225]
     50  7.8956    3 Cs Cs [0 1 1] [  3.5310075   7.062015   10.5930225]
     51  7.8956    3 Cs Cs [1 0 0] [ 10.5930225   0.          3.5310075]
     52  7.8956    3 Cs Cs [1 1 0] [ 10.5930225   7.062015    3.5310075]
     53  7.8956    4 Cs Cs [0 1 0] [  3.5310075  10.5930225   0.       ]
     54  7.8956    4 Cs Cs [0 1 1] [  3.5310075  10.5930225   7.062015 ]
     55  7.8956    4 Cs Cs [1 0 0] [ 10.5930225   3.5310075   0.       ]
     56  7.8956    4 Cs Cs [1 0 1] [ 10.5930225   3.5310075   7.062015 ]
     57  8.6492    5 Cl Cl [ 0 -1  0] [ 0.        -3.5310075  0.       ]
     58  8.6492    5 Cl Cl [ 0 -1  1] [ 0.        -3.5310075  7.062015 ]
     59  8.6492    5 Cl Cl [0 1 0] [  0.         10.5930225   0.       ]
     60  8.6492    5 Cl Cl [0 1 1] [  0.         10.5930225   7.062015 ]
     61  8.6492    5 Cl Cl [ 1 -1  0] [ 7.062015  -3.5310075  0.       ]
     62  8.6492    5 Cl Cl [ 1 -1  1] [ 7.062015  -3.5310075  7.062015 ]
     63  8.6492    5 Cl Cl [1 1 0] [  7.062015   10.5930225   0.       ]
     64  8.6492    5 Cl Cl [1 1 1] [  7.062015   10.5930225   7.062015 ]
     65  8.6492    6 Cl Cl [ 0  0 -1] [ 0.         0.        -3.5310075]
     66  8.6492    6 Cl Cl [0 0 1] [  0.          0.         10.5930225]
     67  8.6492    6 Cl Cl [ 0  1 -1] [ 0.         7.062015  -3.5310075]
     68  8.6492    6 Cl Cl [0 1 1] [  0.          7.062015   10.5930225]
     69  8.6492    6 Cl Cl [ 1  0 -1] [ 7.062015   0.        -3.5310075]
     70  8.6492    6 Cl Cl [1 0 1] [  7.062015    0.         10.5930225]
     71  8.6492    6 Cl Cl [ 1  1 -1] [ 7.062015   7.062015  -3.5310075]
     72  8.6492    6 Cl Cl [1 1 1] [  7.062015    7.062015   10.5930225]
     73  8.6492    8 Cl Cl [-1  0  0] [-3.5310075  0.         0.       ]
     74  8.6492    8 Cl Cl [-1  0  1] [-3.5310075  0.         7.062015 ]
     75  8.6492    8 Cl Cl [-1  1  0] [-3.5310075  7.062015   0.       ]
     76  8.6492    8 Cl Cl [-1  1  1] [-3.5310075  7.062015   7.062015 ]
     77  8.6492    8 Cl Cl [1 0 0] [ 10.5930225   0.          0.       ]
     78  8.6492    8 Cl Cl [1 0 1] [ 10.5930225   0.          7.062015 ]
     79  8.6492    8 Cl Cl [1 1 0] [ 10.5930225   7.062015    0.       ]
     80  8.6492    8 Cl Cl [1 1 1] [ 10.5930225   7.062015    7.062015 ]
     81  9.9872    7 Cl Cl [-1 -1  0] [-3.5310075 -3.5310075  3.5310075]
     82  9.9872    7 Cl Cl [-1  0 -1] [-3.5310075  3.5310075 -3.5310075]
     83  9.9872    7 Cl Cl [-1  0  1] [ -3.5310075   3.5310075  10.5930225]
     84  9.9872    7 Cl Cl [-1  1  0] [ -3.5310075  10.5930225   3.5310075]
     85  9.9872    7 Cl Cl [ 0 -1 -1] [ 3.5310075 -3.5310075 -3.5310075]
     86  9.9872    7 Cl Cl [ 0 -1  1] [  3.5310075  -3.5310075  10.5930225]
     87  9.9872    7 Cl Cl [ 0  1 -1] [  3.5310075  10.5930225  -3.5310075]
     88  9.9872    7 Cl Cl [0 1 1] [  3.5310075  10.5930225  10.5930225]
     89  9.9872    7 Cl Cl [ 1 -1  0] [ 10.5930225  -3.5310075   3.5310075]
     90  9.9872    7 Cl Cl [ 1  0 -1] [ 10.5930225   3.5310075  -3.5310075]
     91  9.9872    7 Cl Cl [1 0 1] [ 10.5930225   3.5310075  10.5930225]
     92  9.9872    7 Cl Cl [1 1 0] [ 10.5930225  10.5930225   3.5310075]
8 Cl Cl [ 3.5310075  0.         0.       ]
      1  3.5310    1 Cs Cs [0 0 0] [ 0.  0.  0.]
      2  3.5310    1 Cs Cs [1 0 0] [ 7.062015  0.        0.      ]
      3  3.5310    3 Cs Cs [ 0  0 -1] [ 3.5310075  0.        -3.5310075]
      4  3.5310    3 Cs Cs [0 0 0] [ 3.5310075  0.         3.5310075]
      5  3.5310    4 Cs Cs [ 0 -1  0] [ 3.5310075 -3.5310075  0.       ]
      6  3.5310    4 Cs Cs [0 0 0] [ 3.5310075  3.5310075  0.       ]
      7  4.9936    5 Cl Cl [ 0 -1  0] [ 0.        -3.5310075  0.       ]
      8  4.9936    5 Cl Cl [0 0 0] [ 0.         3.5310075  0.       ]
      9  4.9936    5 Cl Cl [ 1 -1  0] [ 7.062015  -3.5310075  0.       ]
     10  4.9936    5 Cl Cl [1 0 0] [ 7.062015   3.5310075  0.       ]
     11  4.9936    6 Cl Cl [ 0  0 -1] [ 0.         0.        -3.5310075]
     12  4.9936    6 Cl Cl [0 0 0] [ 0.         0.         3.5310075]
     13  4.9936    6 Cl Cl [ 1  0 -1] [ 7.062015   0.        -3.5310075]
     14  4.9936    6 Cl Cl [1 0 0] [ 7.062015   0.         3.5310075]
     15  4.9936    7 Cl Cl [ 0 -1 -1] [ 3.5310075 -3.5310075 -3.5310075]
     16  4.9936    7 Cl Cl [ 0 -1  0] [ 3.5310075 -3.5310075  3.5310075]
     17  4.9936    7 Cl Cl [ 0  0 -1] [ 3.5310075  3.5310075 -3.5310075]
     18  4.9936    7 Cl Cl [0 0 0] [ 3.5310075  3.5310075  3.5310075]
     19  6.1159    2 Cs Cs [ 0 -1 -1] [ 0.        -3.5310075 -3.5310075]
     20  6.1159    2 Cs Cs [ 0 -1  0] [ 0.        -3.5310075  3.5310075]
     21  6.1159    2 Cs Cs [ 0  0 -1] [ 0.         3.5310075 -3.5310075]
     22  6.1159    2 Cs Cs [0 0 0] [ 0.         3.5310075  3.5310075]
     23  6.1159    2 Cs Cs [ 1 -1 -1] [ 7.062015  -3.5310075 -3.5310075]
     24  6.1159    2 Cs Cs [ 1 -1  0] [ 7.062015  -3.5310075  3.5310075]
     25  6.1159    2 Cs Cs [ 1  0 -1] [ 7.062015   3.5310075 -3.5310075]
     26  6.1159    2 Cs Cs [1 0 0] [ 7.062015   3.5310075  3.5310075]
     27  7.0620    8 Cl Cl [-1  0  0] [-3.5310075  0.         0.       ]
     28  7.0620    8 Cl Cl [ 0 -1  0] [ 3.5310075 -7.062015   0.       ]
     29  7.0620    8 Cl Cl [ 0  0 -1] [ 3.5310075  0.        -7.062015 ]
     30  7.0620    8 Cl Cl [0 0 1] [ 3.5310075  0.         7.062015 ]
     31  7.0620    8 Cl Cl [0 1 0] [ 3.5310075  7.062015   0.       ]
     32  7.0620    8 Cl Cl [1 0 0] [ 10.5930225   0.          0.       ]
     33  7.8956    1 Cs Cs [ 0 -1  0] [ 0.       -7.062015  0.      ]
     34  7.8956    1 Cs Cs [ 0  0 -1] [ 0.        0.       -7.062015]
     35  7.8956    1 Cs Cs [0 0 1] [ 0.        0.        7.062015]
     36  7.8956    1 Cs Cs [0 1 0] [ 0.        7.062015  0.      ]
     37  7.8956    1 Cs Cs [ 1 -1  0] [ 7.062015 -7.062015  0.      ]
     38  7.8956    1 Cs Cs [ 1  0 -1] [ 7.062015  0.       -7.062015]
     39  7.8956    1 Cs Cs [1 0 1] [ 7.062015  0.        7.062015]
     40  7.8956    1 Cs Cs [1 1 0] [ 7.062015  7.062015  0.      ]
     41  7.8956    3 Cs Cs [-1  0 -1] [-3.5310075  0.        -3.5310075]
     42  7.8956    3 Cs Cs [-1  0  0] [-3.5310075  0.         3.5310075]
     43  7.8956    3 Cs Cs [ 0 -1 -1] [ 3.5310075 -7.062015  -3.5310075]
     44  7.8956    3 Cs Cs [ 0 -1  0] [ 3.5310075 -7.062015   3.5310075]
     45  7.8956    3 Cs Cs [ 0  1 -1] [ 3.5310075  7.062015  -3.5310075]
     46  7.8956    3 Cs Cs [0 1 0] [ 3.5310075  7.062015   3.5310075]
     47  7.8956    4 Cs Cs [-1 -1  0] [-3.5310075 -3.5310075  0.       ]
     48  7.8956    4 Cs Cs [-1  0  0] [-3.5310075  3.5310075  0.       ]
     49  7.8956    4 Cs Cs [ 0 -1 -1] [ 3.5310075 -3.5310075 -7.062015 ]
     50  7.8956    4 Cs Cs [ 0 -1  1] [ 3.5310075 -3.5310075  7.062015 ]
     51  7.8956    4 Cs Cs [ 0  0 -1] [ 3.5310075  3.5310075 -7.062015 ]
     52  7.8956    4 Cs Cs [0 0 1] [ 3.5310075  3.5310075  7.062015 ]
     53  7.8956    3 Cs Cs [ 1  0 -1] [ 10.5930225   0.         -3.5310075]
     54  7.8956    3 Cs Cs [1 0 0] [ 10.5930225   0.          3.5310075]
     55  7.8956    4 Cs Cs [ 1 -1  0] [ 10.5930225  -3.5310075   0.       ]
     56  7.8956    4 Cs Cs [1 0 0] [ 10.5930225   3.5310075   0.       ]
     57  8.6492    5 Cl Cl [ 0 -1 -1] [ 0.        -3.5310075 -7.062015 ]
     58  8.6492    5 Cl Cl [ 0 -1  1] [ 0.        -3.5310075  7.062015 ]
     59  8.6492    5 Cl Cl [ 0  0 -1] [ 0.         3.5310075 -7.062015 ]
     60  8.6492    5 Cl Cl [0 0 1] [ 0.         3.5310075  7.062015 ]
     61  8.6492    5 Cl Cl [ 1 -1 -1] [ 7.062015  -3.5310075 -7.062015 ]
     62  8.6492    5 Cl Cl [ 1 -1  1] [ 7.062015  -3.5310075  7.062015 ]
     63  8.6492    5 Cl Cl [ 1  0 -1] [ 7.062015   3.5310075 -7.062015 ]
     64  8.6492    5 Cl Cl [1 0 1] [ 7.062015   3.5310075  7.062015 ]
     65  8.6492    6 Cl Cl [ 0 -1 -1] [ 0.        -7.062015  -3.5310075]
     66  8.6492    6 Cl Cl [ 0 -1  0] [ 0.        -7.062015   3.5310075]
     67  8.6492    6 Cl Cl [ 0  1 -1] [ 0.         7.062015  -3.5310075]
     68  8.6492    6 Cl Cl [0 1 0] [ 0.         7.062015   3.5310075]
     69  8.6492    6 Cl Cl [ 1 -1 -1] [ 7.062015  -7.062015  -3.5310075]
     70  8.6492    6 Cl Cl [ 1 -1  0] [ 7.062015  -7.062015   3.5310075]
     71  8.6492    6 Cl Cl [ 1  1 -1] [ 7.062015   7.062015  -3.5310075]
     72  8.6492    6 Cl Cl [1 1 0] [ 7.062015   7.062015   3.5310075]
     73  8.6492    7 Cl Cl [-1 -1 -1] [-3.5310075 -3.5310075 -3.5310075]
     74  8.6492    7 Cl Cl [-1 -1  0] [-3.5310075 -3.5310075  3.5310075]
     75  8.6492    7 Cl Cl [-1  0 -1] [-3.5310075  3.5310075 -3.5310075]
     76  8.6492    7 Cl Cl [-1  0  0] [-3.5310075  3.5310075  3.5310075]
     77  8.6492    7 Cl Cl [ 1 -1 -1] [ 10.5930225  -3.5310075  -3.5310075]
     78  8.6492    7 Cl Cl [ 1 -1  0] [ 10.5930225  -3.5310075   3.5310075]
     79  8.6492    7 Cl Cl [ 1  0 -1] [ 10.5930225   3.5310075  -3.5310075]
     80  8.6492    7 Cl Cl [1 0 0] [ 10.5930225   3.5310075   3.5310075]
     81  9.9872    8 Cl Cl [-1 -1  0] [-3.5310075 -7.062015   0.       ]
     82  9.9872    8 Cl Cl [-1  0 -1] [-3.5310075  0.        -7.062015 ]
     83  9.9872    8 Cl Cl [-1  0  1] [-3.5310075  0.         7.062015 ]
     84  9.9872    8 Cl Cl [-1  1  0] [-3.5310075  7.062015   0.       ]
     85  9.9872    8 Cl Cl [ 0 -1 -1] [ 3.5310075 -7.062015  -7.062015 ]
     86  9.9872    8 Cl Cl [ 0 -1  1] [ 3.5310075 -7.062015   7.062015 ]
     87  9.9872    8 Cl Cl [ 0  1 -1] [ 3.5310075  7.062015  -7.062015 ]
     88  9.9872    8 Cl Cl [0 1 1] [ 3.5310075  7.062015   7.062015 ]
     89  9.9872    8 Cl Cl [ 1 -1  0] [ 10.5930225  -7.062015    0.       ]
     90  9.9872    8 Cl Cl [ 1  0 -1] [ 10.5930225   0.         -7.062015 ]
     91  9.9872    8 Cl Cl [1 0 1] [ 10.5930225   0.          7.062015 ]
     92  9.9872    8 Cl Cl [1 1 0] [ 10.5930225   7.062015    0.       ]
===========================================
