=============
   MAKE NP   
=============
r1=0.0, r2=0.0, r3=6.75
centerMol: cobox = [3.8409295 2.2175615 3.136106 ]
miller= [1. 0. 0.]
avec= [[5.121239 0.       0.      ]
 [2.56062  4.435123 0.      ]
 [0.       0.       6.272212]]
bvec= [[ 0.19526525 -0.11273647  0.        ]
 [ 0.          0.22547289  0.        ]
 [ 0.          0.          0.15943339]]
gvec= [ 0.19526525 -0.11273647  0.        ]
idir=0: miller=[1. 0. 0.], radius=6.75, d0=-4.43512283813235, cell_range=2
miller= [0. 1. 0.]
avec= [[5.121239 0.       0.      ]
 [2.56062  4.435123 0.      ]
 [0.       0.       6.272212]]
bvec= [[ 0.19526525 -0.11273647  0.        ]
 [ 0.          0.22547289  0.        ]
 [ 0.          0.          0.15943339]]
gvec= [0.         0.22547289 0.        ]
idir=1: miller=[0. 1. 0.], radius=6.75, d0=-4.435123, cell_range=2
miller= [0. 0. 1.]
avec= [[5.121239 0.       0.      ]
 [2.56062  4.435123 0.      ]
 [0.       0.       6.272212]]
bvec= [[ 0.19526525 -0.11273647  0.        ]
 [ 0.          0.22547289  0.        ]
 [ 0.          0.          0.15943339]]
gvec= [0.         0.         0.15943339]
idir=2: miller=[0. 0. 1.], radius=6.75, d0=-6.272212, cell_range=2
cobox = [19. 19. 19.]
Name:  Cu(111).bulk
Info:  
*** Lattice:
-----------------------------------------------------------
indx (   avec[x]   avec[y]   avec[z])     length      angle
-----------------------------------------------------------
  1: ( 38.000000  0.000000  0.000000)  38.000000  90.000000
  2: (  0.000000 38.000000  0.000000)  38.000000  90.000000
  3: (  0.000000  0.000000 38.000000)  38.000000  90.000000
-----------------------------------------------------------
  Cell volume = 54872.000000
*** Element List (1)
------------------------------------------------------------
SYMB (MULT   MASS   RADIUS  MASS%   VOL%) INFO 
------------------------------------------------------------
  Cu ( 108  63.55    1.280 100.00   1.73)
------------------------------------------------------------
Total( 108 6862.97          100.00   1.73)

*** Atom List (108)
-----------------------------------------------------------------------------------------------
  ID TYPE (           CART-COORDS           ) (            FRAC-COORD           ) INFO  
-----------------------------------------------------------------------------------------------
   1   Cu (  12.811834  17.891218  17.954633) (   0.337154   0.470822   0.472490) 
   2   Cu (  14.092149  21.587157  15.863892) (   0.370846   0.568083   0.417471) 
   3   Cu (  15.372454  22.326341  17.954633) (   0.404538   0.587535   0.472490) 
   4   Cu (  14.092144  20.108779  17.954633) (   0.370846   0.529178   0.472490) 
   5   Cu (  12.811836  20.847968  20.045369) (   0.337154   0.548631   0.527510) 
   6   Cu (  14.092146  23.065529  20.045369) (   0.370846   0.606988   0.527510) 
   7   Cu (  14.092149  21.587157  22.136104) (   0.370846   0.568083   0.582529) 
   8   Cu (  16.652764  24.543902  17.954633) (   0.438231   0.645892   0.472490) 
   9   Cu (  15.372453  13.456095  17.954633) (   0.404538   0.354108   0.472490) 
  10   Cu (  16.652765  18.630406  13.773157) (   0.438231   0.490274   0.362451) 
  11   Cu (  16.652768  17.152034  15.863892) (   0.438231   0.451369   0.417471) 
  12   Cu (  14.092148  17.152034  15.863892) (   0.370846   0.451369   0.417471) 
  13   Cu (  15.372458  14.934472  15.863892) (   0.404538   0.393012   0.417471) 
  14   Cu (  17.933073  17.891218  17.954633) (   0.471923   0.470822   0.472490) 
  15   Cu (  14.092143  15.673656  17.954633) (   0.370846   0.412465   0.472490) 
  16   Cu (  16.652763  15.673656  17.954633) (   0.438231   0.412465   0.472490) 
  17   Cu (  15.372453  17.891218  17.954633) (   0.404538   0.470822   0.472490) 
  18   Cu (  15.372455  16.412845  20.045369) (   0.404538   0.431917   0.527510) 
  19   Cu (  14.092146  18.630406  20.045369) (   0.370846   0.490274   0.527510) 
  20   Cu (  16.652765  18.630406  20.045369) (   0.438231   0.490274   0.527510) 
  21   Cu (  16.652768  17.152034  22.136104) (   0.438231   0.451369   0.582529) 
  22   Cu (  14.092148  17.152034  22.136104) (   0.370846   0.451369   0.582529) 
  23   Cu (  15.372458  14.934472  22.136104) (   0.404538   0.393012   0.582529) 
  24   Cu (  17.933073  17.891218  24.226845) (   0.471923   0.470822   0.637549) 
  25   Cu (  16.652763  15.673656  24.226845) (   0.438231   0.412465   0.637549) 
  26   Cu (  15.372453  17.891218  24.226845) (   0.404538   0.470822   0.637549) 
  27   Cu (  17.933075  20.847968  13.773157) (   0.471923   0.548631   0.362451) 
  28   Cu (  19.213385  23.065529  13.773157) (   0.505615   0.606988   0.362451) 
  29   Cu (  15.372456  20.847968  13.773157) (   0.404538   0.548631   0.362451) 
  30   Cu (  15.372458  19.369595  15.863892) (   0.404538   0.509726   0.417471) 
  31   Cu (  19.213388  21.587157  15.863892) (   0.505615   0.568083   0.417471) 
  32   Cu (  16.652768  21.587157  15.863892) (   0.438231   0.568083   0.417471) 
  33   Cu (  17.933078  19.369595  15.863892) (   0.471923   0.509726   0.417471) 
  34   Cu (  20.493693  22.326341  17.954633) (   0.539308   0.587535   0.472490) 
  35   Cu (  16.652763  20.108779  17.954633) (   0.438231   0.529178   0.472490) 
  36   Cu (  19.213383  20.108779  17.954633) (   0.505615   0.529178   0.472490) 
  37   Cu (  17.933073  22.326341  17.954633) (   0.471923   0.587535   0.472490) 
  38   Cu (  17.933075  20.847968  20.045369) (   0.471923   0.548631   0.527510) 
  39   Cu (  16.652766  23.065529  20.045369) (   0.438231   0.606988   0.527510) 
  40   Cu (  19.213385  23.065529  20.045369) (   0.505615   0.606988   0.527510) 
  41   Cu (  15.372456  20.847968  20.045369) (   0.404538   0.548631   0.527510) 
  42   Cu (  15.372458  19.369595  22.136104) (   0.404538   0.509726   0.582529) 
  43   Cu (  19.213388  21.587157  22.136104) (   0.505615   0.568083   0.582529) 
  44   Cu (  16.652768  21.587157  22.136104) (   0.438231   0.568083   0.582529) 
  45   Cu (  17.933078  19.369595  22.136104) (   0.471923   0.509726   0.582529) 
  46   Cu (  20.493693  22.326341  24.226845) (   0.539308   0.587535   0.637549) 
  47   Cu (  16.652763  20.108779  24.226845) (   0.438231   0.529178   0.637549) 
  48   Cu (  19.213383  20.108779  24.226845) (   0.505615   0.529178   0.637549) 
  49   Cu (  17.933073  22.326341  24.226845) (   0.471923   0.587535   0.637549) 
  50   Cu (  17.933078  23.804718  15.863892) (   0.471923   0.626440   0.417471) 
  51   Cu (  20.493698  23.804718  15.863892) (   0.539308   0.626440   0.417471) 
  52   Cu (  19.213383  24.543902  17.954633) (   0.505615   0.645892   0.472490) 
  53   Cu (  21.774003  24.543902  17.954633) (   0.573000   0.645892   0.472490) 
  54   Cu (  20.493695  25.283091  20.045369) (   0.539308   0.665344   0.527510) 
  55   Cu (  17.933076  25.283091  20.045369) (   0.471923   0.665344   0.527510) 
  56   Cu (  17.933078  23.804718  22.136104) (   0.471923   0.626440   0.582529) 
  57   Cu (  20.493698  23.804718  22.136104) (   0.539308   0.626440   0.582529) 
  58   Cu (  20.493692  13.456095  17.954633) (   0.539308   0.354108   0.472490) 
  59   Cu (  17.933072  13.456095  17.954633) (   0.471923   0.354108   0.472490) 
  60   Cu (  16.652765  14.195283  20.045369) (   0.438231   0.373560   0.527510) 
  61   Cu (  19.213384  14.195283  20.045369) (   0.505615   0.373560   0.527510) 
  62   Cu (  20.493694  16.412845  13.773157) (   0.539308   0.431917   0.362451) 
  63   Cu (  19.213385  18.630406  13.773157) (   0.505615   0.490274   0.362451) 
  64   Cu (  21.774004  18.630406  13.773157) (   0.573000   0.490274   0.362451) 
  65   Cu (  17.933075  16.412845  13.773157) (   0.471923   0.431917   0.362451) 
  66   Cu (  17.933077  14.934472  15.863892) (   0.471923   0.393012   0.417471) 
  67   Cu (  21.774007  17.152034  15.863892) (   0.573000   0.451369   0.417471) 
  68   Cu (  19.213387  17.152034  15.863892) (   0.505615   0.451369   0.417471) 
  69   Cu (  20.493697  14.934472  15.863892) (   0.539308   0.393012   0.417471) 
  70   Cu (  23.054312  17.891218  17.954633) (   0.606692   0.470822   0.472490) 
  71   Cu (  19.213382  15.673656  17.954633) (   0.505615   0.412465   0.472490) 
  72   Cu (  21.774002  15.673656  17.954633) (   0.573000   0.412465   0.472490) 
  73   Cu (  20.493692  17.891218  17.954633) (   0.539308   0.470822   0.472490) 
  74   Cu (  20.493694  16.412845  20.045369) (   0.539308   0.431917   0.527510) 
  75   Cu (  19.213385  18.630406  20.045369) (   0.505615   0.490274   0.527510) 
  76   Cu (  21.774004  18.630406  20.045369) (   0.573000   0.490274   0.527510) 
  77   Cu (  17.933075  16.412845  20.045369) (   0.471923   0.431917   0.527510) 
  78   Cu (  17.933077  14.934472  22.136104) (   0.471923   0.393012   0.582529) 
  79   Cu (  21.774007  17.152034  22.136104) (   0.573000   0.451369   0.582529) 
  80   Cu (  19.213387  17.152034  22.136104) (   0.505615   0.451369   0.582529) 
  81   Cu (  20.493697  14.934472  22.136104) (   0.539308   0.393012   0.582529) 
  82   Cu (  23.054312  17.891218  24.226845) (   0.606692   0.470822   0.637549) 
  83   Cu (  19.213382  15.673656  24.226845) (   0.505615   0.412465   0.637549) 
  84   Cu (  20.493692  17.891218  24.226845) (   0.539308   0.470822   0.637549) 
  85   Cu (  20.493695  20.847968  13.773157) (   0.539308   0.548631   0.362451) 
  86   Cu (  20.493697  19.369595  15.863892) (   0.539308   0.509726   0.417471) 
  87   Cu (  24.334627  21.587157  15.863892) (   0.640385   0.568083   0.417471) 
  88   Cu (  21.774007  21.587157  15.863892) (   0.573000   0.568083   0.417471) 
  89   Cu (  23.054317  19.369595  15.863892) (   0.606693   0.509726   0.417471) 
  90   Cu (  21.774002  20.108779  17.954633) (   0.573000   0.529178   0.472490) 
  91   Cu (  24.334622  20.108779  17.954633) (   0.640385   0.529178   0.472490) 
  92   Cu (  23.054312  22.326341  17.954633) (   0.606692   0.587535   0.472490) 
  93   Cu (  23.054314  20.847968  20.045369) (   0.606692   0.548631   0.527510) 
  94   Cu (  21.774005  23.065529  20.045369) (   0.573000   0.606988   0.527510) 
  95   Cu (  20.493695  20.847968  20.045369) (   0.539308   0.548631   0.527510) 
  96   Cu (  20.493697  19.369595  22.136104) (   0.539308   0.509726   0.582529) 
  97   Cu (  24.334627  21.587157  22.136104) (   0.640385   0.568083   0.582529) 
  98   Cu (  21.774007  21.587157  22.136104) (   0.573000   0.568083   0.582529) 
  99   Cu (  23.054317  19.369595  22.136104) (   0.606693   0.509726   0.582529) 
 100   Cu (  21.774002  20.108779  24.226845) (   0.573000   0.529178   0.637549) 
 101   Cu (  21.774004  14.195283  20.045369) (   0.573000   0.373560   0.527510) 
 102   Cu (  23.054316  14.934472  15.863892) (   0.606693   0.393012   0.417471) 
 103   Cu (  24.334626  17.152034  15.863892) (   0.640385   0.451369   0.417471) 
 104   Cu (  24.334621  15.673656  17.954633) (   0.640385   0.412465   0.472490) 
 105   Cu (  24.334624  18.630406  20.045369) (   0.640385   0.490274   0.527510) 
 106   Cu (  23.054314  16.412845  20.045369) (   0.606692   0.431917   0.527510) 
 107   Cu (  23.054316  14.934472  22.136104) (   0.606693   0.393012   0.582529) 
 108   Cu (  24.334626  17.152034  22.136104) (   0.640385   0.451369   0.582529) 
-----------------------------------------------------------------------------------------------
