base =  <triangle>
 <vertex="[[ 0.          0.70710678  0.        ]
 [-0.61237244 -0.35355339  0.        ]
 [ 0.61237244 -0.35355339  0.        ]]"/>
 area="0.6495190528383291" normal="[0. 0. 1.]" centroid="[0.00000000e+00 1.11022302e-16 0.00000000e+00]"
</triangle>
tet1 =  <tetrahedron>
 <vertex="[[ 0.          0.70710678  0.        ]
 [-0.61237244 -0.35355339  0.        ]
 [ 0.61237244 -0.35355339  0.        ]
 [ 0.          0.          1.        ]]"/>
 volume="0.2165063509461097" centroid="[0.   0.   0.25]" />
 base.area="0.6495190528383291" base.centeroid="[0.00000000e+00 1.11022302e-16 0.00000000e+00]" 
 apex="[0. 0. 1.]" direction="[0. 0. 1.]"
</tetrahedron>
Expected:
base area = 0.6495190528383291, volume=0.21650635094610973
centroid =  [0.00000000e+00 1.11022302e-16 2.50000000e-01]

tet12 after move =  <tetrahedron>
 <vertex="[[ 0.          0.70710678 -0.25      ]
 [-0.61237244 -0.35355339 -0.25      ]
 [ 0.61237244 -0.35355339 -0.25      ]
 [ 0.          0.          0.75      ]]"/>
 volume="0.2165063509461097" centroid="[0. 0. 0.]" />
 base.area="0.6495190528383291" base.centeroid="[ 0.00000000e+00  1.11022302e-16 -2.50000000e-01]" 
 apex="[0.   0.   0.75]" direction="[0. 0. 1.]"
</tetrahedron>

tet13 after scale =  <tetrahedron>
 <vertex="[[ 0.          1.41421356 -0.5       ]
 [-1.22474487 -0.70710678 -0.5       ]
 [ 1.22474487 -0.70710678 -0.5       ]
 [ 0.          0.          1.5       ]]"/>
 volume="1.7320508075688776" centroid="[0. 0. 0.]" />
 base.area="2.5980762113533165" base.centeroid="[ 0.00000000e+00  2.22044605e-16 -5.00000000e-01]" 
 apex="[0.  0.  1.5]" direction="[0. 0. 1.]"
</tetrahedron>

tet2 from 3 points =  <tetrahedron>
 <vertex="[[ 0.00000000e+00  7.07106781e-01  0.00000000e+00]
 [-6.12372436e-01 -3.53553391e-01  0.00000000e+00]
 [ 6.12372436e-01 -3.53553391e-01  0.00000000e+00]
 [ 0.00000000e+00  1.11022302e-16  1.00000000e+00]]"/>
 volume="0.2165063509461097" centroid="[0.00000000e+00 1.11022302e-16 2.50000000e-01]" />
 base.area="0.6495190528383291" base.centeroid="[0.00000000e+00 1.11022302e-16 0.00000000e+00]" 
 apex="[0.00000000e+00 1.11022302e-16 1.00000000e+00]" direction="[0. 0. 1.]"
</tetrahedron>

Expected:
volume= 0.21650635094610973
centroid =  [0.00000000e+00 1.11022302e-16 2.50000000e-01]

tet3 from two points =  <tetrahedron>
 <vertex="[[ 0.00000000e+00  7.07106781e-01  7.85046229e-17]
 [-6.12372436e-01 -3.53553391e-01 -3.92523115e-17]
 [ 6.12372436e-01 -3.53553391e-01 -3.92523115e-17]
 [ 0.00000000e+00  0.00000000e+00  1.00000000e+00]]"/>
 volume="0.21650635094610968" centroid="[0.00000000e+00 1.11022302e-16 2.50000000e-01]" />
 base.area="0.6495190528383291" base.centeroid="[0.00000000e+00 2.22044605e-16 1.23259516e-32]" 
 apex="[0. 0. 1.]" direction="[ 0.00000000e+00 -1.48029737e-16  1.00000000e+00]"
</tetrahedron>


tet4 from one point =  <tetrahedron>
 <vertex="[[ 0.00000000e+00  5.77350269e-01  0.00000000e+00]
 [-5.00000000e-01 -2.88675135e-01  0.00000000e+00]
 [ 5.00000000e-01 -2.88675135e-01  0.00000000e+00]
 [ 0.00000000e+00  1.11022302e-16  8.16496581e-01]]"/>
 volume="0.11785113019775793" centroid="[0.00000000e+00 1.11022302e-16 2.04124145e-01]" />
 base.area="0.4330127018922194" base.centeroid="[0.00000000e+00 1.11022302e-16 0.00000000e+00]" 
 apex="[0.00000000e+00 1.11022302e-16 8.16496581e-01]" direction="[0. 0. 1.]"
</tetrahedron>
